\BOOKMARK [1][-]{Doc-Start}{\376\377\000E\000x\000e\000c\000u\000t\000i\000v\000e\000\040\000S\000u\000m\000m\000a\000r\000y}{}% 1
\BOOKMARK [1][-]{section.1}{\376\377\000B\000a\000c\000k\000g\000r\000o\000u\000n\000d\000\040\000a\000n\000d\000\040\000R\000e\000s\000e\000a\000r\000c\000h\000\040\000S\000u\000b\000j\000e\000c\000t}{}% 2
\BOOKMARK [2][-]{subsection.1.1}{\376\377\000W\000h\000a\000t\000\040\000I\000s\000\040\000S\000p\000a\000c\000e\000-\000B\000a\000s\000e\000d\000\040\000A\000I\000\040\000C\000o\000m\000p\000u\000t\000i\000n\000g}{section.1}% 3
\BOOKMARK [2][-]{subsection.1.2}{\376\377\000W\000h\000y\000\040\000S\000p\000a\000c\000e\000-\000B\000a\000s\000e\000d\000\040\000A\000I\000\040\000C\000o\000m\000p\000u\000t\000i\000n\000g\000\040\000H\000a\000s\000\040\000B\000e\000e\000n\000\040\000P\000r\000o\000p\000o\000s\000e\000d}{section.1}% 4
\BOOKMARK [2][-]{subsection.1.3}{\376\377\000K\000e\000y\000\040\000P\000a\000r\000t\000i\000c\000i\000p\000a\000n\000t\000s}{section.1}% 5
\BOOKMARK [3][-]{subsubsection.1.3.1}{\376\377\000S\000p\000a\000c\000e\000X\000\040\000a\000n\000d\000\040\000E\000l\000o\000n\000\040\000M\000u\000s\000k}{subsection.1.3}% 6
\BOOKMARK [3][-]{subsubsection.1.3.2}{\376\377\000N\000V\000I\000D\000I\000A\000\040\000a\000n\000d\000\040\000J\000e\000n\000s\000e\000n\000\040\000H\000u\000a\000n\000g}{subsection.1.3}% 7
\BOOKMARK [3][-]{subsubsection.1.3.3}{\376\377\000O\000t\000h\000e\000r\000\040\000R\000e\000l\000e\000v\000a\000n\000t\000\040\000P\000a\000r\000t\000i\000e\000s}{subsection.1.3}% 8
\BOOKMARK [2][-]{subsection.1.4}{\376\377\000K\000e\000y\000\040\000E\000v\000e\000n\000t\000\040\000T\000i\000m\000e\000l\000i\000n\000e}{section.1}% 9
\BOOKMARK [2][-]{subsection.1.5}{\376\377\000S\000c\000o\000p\000e\000\040\000o\000f\000\040\000T\000h\000i\000s\000\040\000R\000e\000p\000o\000r\000t}{section.1}% 10
\BOOKMARK [3][-]{subsubsection.1.5.1}{\376\377\000W\000h\000a\000t\000\040\000I\000s\000\040\000S\000t\000u\000d\000i\000e\000d}{subsection.1.5}% 11
\BOOKMARK [3][-]{subsubsection.1.5.2}{\376\377\000W\000h\000a\000t\000\040\000I\000s\000\040\000N\000o\000t\000\040\000S\000t\000u\000d\000i\000e\000d}{subsection.1.5}% 12
\BOOKMARK [1][-]{section.2}{\376\377\000A\000n\000a\000l\000y\000t\000i\000c\000a\000l\000\040\000M\000e\000t\000h\000o\000d\000s\000\040\000a\000n\000d\000\040\000C\000o\000m\000p\000a\000r\000i\000s\000o\000n\000\040\000B\000a\000s\000e\000l\000i\000n\000e\000s}{}% 13
\BOOKMARK [2][-]{subsection.2.1}{\376\377\000T\000h\000r\000e\000e\000-\000T\000i\000e\000r\000\040\000P\000r\000o\000g\000r\000e\000s\000s\000i\000v\000e\000\040\000A\000n\000a\000l\000y\000t\000i\000c\000a\000l\000\040\000F\000r\000a\000m\000e\000w\000o\000r\000k}{section.2}% 14
\BOOKMARK [2][-]{subsection.2.2}{\376\377\000D\000e\000f\000i\000n\000i\000t\000i\000o\000n\000s\000\040\000o\000f\000\040\000t\000h\000e\000\040\000F\000i\000v\000e\000\040\000U\000n\000i\000f\000i\000e\000d\000\040\000S\000p\000e\000c\000i\000f\000i\000c\000a\000t\000i\000o\000n\000s}{section.2}% 15
\BOOKMARK [3][-]{subsubsection.2.2.1}{\376\377\000P\000o\000w\000e\000r\000\040\000S\000p\000e\000c\000i\000f\000i\000c\000a\000t\000i\000o\000n}{subsection.2.2}% 16
\BOOKMARK [3][-]{subsubsection.2.2.2}{\376\377\000D\000e\000e\000p\000\040\000E\000x\000p\000l\000a\000n\000a\000t\000i\000o\000n\000\040\000o\000f\000\040\000t\000h\000e\000\040\000P\000o\000w\000e\000r\000\040\000S\000p\000e\000c\000i\000f\000i\000c\000a\000t\000i\000o\000n\000:\000\040\000W\000h\000y\000\040\000t\000h\000e\000\040\0001\0005\0000\000\040\000k\000W\000\040\000O\000f\000f\000i\000c\000i\000a\000l\000\040\000F\000i\000g\000u\000r\000e\000\040\000I\000s\000\040\000R\000e\000t\000a\000i\000n\000e\000d}{subsection.2.2}% 17
\BOOKMARK [3][-]{subsubsection.2.2.3}{\376\377\000T\000i\000m\000e\000\040\000W\000i\000n\000d\000o\000w\000\040\000S\000p\000e\000c\000i\000f\000i\000c\000a\000t\000i\000o\000n}{subsection.2.2}% 18
\BOOKMARK [3][-]{subsubsection.2.2.4}{\376\377\000A\000r\000c\000h\000i\000t\000e\000c\000t\000u\000r\000e\000\040\000G\000e\000n\000e\000r\000a\000t\000i\000o\000n\000\040\000S\000p\000e\000c\000i\000f\000i\000c\000a\000t\000i\000o\000n}{subsection.2.2}% 19
\BOOKMARK [3][-]{subsubsection.2.2.5}{\376\377\000C\000o\000s\000t\000\040\000B\000o\000u\000n\000d\000a\000r\000y\000\040\000S\000p\000e\000c\000i\000f\000i\000c\000a\000t\000i\000o\000n}{subsection.2.2}% 20
\BOOKMARK [3][-]{subsubsection.2.2.6}{\376\377\000L\000a\000u\000n\000c\000h\000\040\000U\000n\000i\000t\000\040\000C\000o\000s\000t\000\040\000S\000p\000e\000c\000i\000f\000i\000c\000a\000t\000i\000o\000n}{subsection.2.2}% 21
\BOOKMARK [2][-]{subsection.2.3}{\376\377\000S\000p\000e\000c\000i\000f\000i\000c\000a\000t\000i\000o\000n\000\040\000A\000l\000i\000g\000n\000m\000e\000n\000t\000\040\000M\000a\000t\000r\000i\000x\000\040\000\050\000A\000b\000r\000i\000d\000g\000e\000d\000\040\000V\000e\000r\000s\000i\000o\000n\000\051}{section.2}% 22
\BOOKMARK [2][-]{subsection.2.4}{\376\377\000W\000h\000y\000\040\000S\000p\000e\000c\000i\000f\000i\000c\000a\000t\000i\000o\000n\000\040\000D\000i\000f\000f\000e\000r\000e\000n\000c\000e\000s\000\040\000M\000a\000t\000t\000e\000r}{section.2}% 23
\BOOKMARK [2][-]{subsection.2.5}{\376\377\000M\000e\000t\000h\000o\000d\000o\000l\000o\000g\000y\000\040\000S\000t\000a\000t\000e\000m\000e\000n\000t\000:\000\040\000F\000i\000r\000s\000t\000-\000P\000r\000i\000n\000c\000i\000p\000l\000e\000s\000\040\000B\000o\000t\000t\000o\000m\000-\000U\000p\000\040\000V\000e\000r\000i\000f\000i\000c\000a\000t\000i\000o\000n}{section.2}% 24
\BOOKMARK [1][-]{section.3}{\376\377\000F\000i\000r\000s\000t\000-\000H\000a\000n\000d\000\040\000S\000t\000a\000t\000e\000m\000e\000n\000t\000s\000\040\000a\000n\000d\000\040\000D\000i\000v\000e\000r\000g\000e\000n\000c\000e\000\040\000C\000h\000a\000r\000a\000c\000t\000e\000r\000i\000z\000a\000t\000i\000o\000n}{}% 25
\BOOKMARK [2][-]{subsection.3.1}{\376\377\000M\000u\000s\000k\000'\000s\000\040\000S\000t\000a\000t\000e\000m\000e\000n\000t\000s\000\040\000\050\0007\000\040\000F\000i\000r\000s\000t\000-\000H\000a\000n\000d\000\040\000S\000o\000u\000r\000c\000e\000s\000\051}{section.3}% 26
\BOOKMARK [2][-]{subsection.3.2}{\376\377\000H\000u\000a\000n\000g\000'\000s\000\040\000S\000t\000a\000t\000e\000m\000e\000n\000t\000s\000\040\000\050\0005\000\040\000F\000i\000r\000s\000t\000-\000H\000a\000n\000d\000\040\000S\000o\000u\000r\000c\000e\000s\000\051}{section.3}% 27
\BOOKMARK [2][-]{subsection.3.3}{\376\377\000D\000i\000v\000e\000r\000g\000e\000n\000c\000e\000\040\000C\000h\000a\000r\000a\000c\000t\000e\000r\000i\000z\000a\000t\000i\000o\000n}{section.3}% 28
\BOOKMARK [3][-]{subsubsection.3.3.1}{\376\377\000N\000o\000t\000\040\000`\000`\000W\000h\000o\000\040\000I\000s\000\040\000R\000i\000g\000h\000t\000\040\000o\000r\000\040\000W\000r\000o\000n\000g\000,\000'\000'\000\040\000B\000u\000t\000\040\000`\000`\000W\000h\000o\000\040\000D\000e\000p\000e\000n\000d\000s\000\040\000o\000n\000\040\000W\000h\000i\000c\000h\000\040\000A\000s\000s\000u\000m\000p\000t\000i\000o\000n\000s\000'\000'}{subsection.3.3}% 29
\BOOKMARK [3][-]{subsubsection.3.3.2}{\376\377\000C\000o\000r\000e\000\040\000A\000s\000s\000u\000m\000p\000t\000i\000o\000n\000s\000\040\000E\000a\000c\000h\000\040\000P\000a\000r\000t\000y\000\040\000R\000e\000l\000i\000e\000s\000\040\000U\000p\000o\000n}{subsection.3.3}% 30
\BOOKMARK [3][-]{subsubsection.3.3.3}{\376\377\000L\000o\000c\000a\000t\000i\000o\000n\000\040\000o\000f\000\040\000t\000h\000e\000\040\000D\000i\000v\000e\000r\000g\000e\000n\000c\000e\000:\000\040\000N\000o\000t\000\040\000a\000\040\000D\000i\000v\000e\000r\000g\000e\000n\000c\000e\000\040\000i\000n\000\040\000P\000h\000y\000s\000i\000c\000a\000l\000\040\000L\000a\000w\000s\000,\000\040\000B\000u\000t\000\040\000a\000\040\000J\000u\000d\000g\000m\000e\000n\000t\000\040\000D\000i\000v\000e\000r\000g\000e\000n\000c\000e\000\040\000i\000n\000\040\000P\000a\000r\000a\000m\000e\000t\000e\000r\000\040\000I\000m\000p\000r\000o\000v\000e\000m\000e\000n\000t\000\040\000R\000a\000t\000e\000s}{subsection.3.3}% 31
\BOOKMARK [2][-]{subsection.3.4}{\376\377\000F\000r\000o\000m\000\040\000D\000i\000v\000e\000r\000g\000e\000n\000c\000e\000\040\000t\000o\000\040\000A\000n\000a\000l\000y\000s\000i\000s\000:\000\040\000C\000h\000a\000p\000t\000e\000r\000\040\000R\000o\000u\000t\000i\000n\000g}{section.3}% 32
\BOOKMARK [1][-]{section.4}{\376\377\000S\000c\000i\000e\000n\000t\000i\000f\000i\000c\000\040\000F\000e\000a\000s\000i\000b\000i\000l\000i\000t\000y\000:\000\040\000H\000e\000a\000t\000\040\000D\000i\000s\000s\000i\000p\000a\000t\000i\000o\000n\000\040\000P\000h\000y\000s\000i\000c\000s\000\040\000a\000n\000d\000\040\000t\000h\000e\000\040\000O\000r\000b\000i\000t\000a\000l\000\040\000T\000h\000e\000r\000m\000a\000l\000\040\000E\000n\000v\000i\000r\000o\000n\000m\000e\000n\000t}{}% 33
\BOOKMARK [2][-]{subsection.4.1}{\376\377\000T\000h\000e\000\040\000S\000t\000e\000f\000a\000n\040\023\000B\000o\000l\000t\000z\000m\000a\000n\000n\000\040\000L\000a\000w\000\040\000a\000n\000d\000\040\000t\000h\000e\000\040\000A\000I\0001\000\040\000H\000e\000a\000t\000\040\000D\000i\000s\000s\000i\000p\000a\000t\000i\000o\000n\000\040\000O\000p\000e\000r\000a\000t\000i\000n\000g\000\040\000P\000o\000i\000n\000t}{section.4}% 34
\BOOKMARK [3][-]{subsubsection.4.1.1}{\376\377\000F\000u\000n\000d\000a\000m\000e\000n\000t\000a\000l\000\040\000P\000h\000y\000s\000i\000c\000a\000l\000\040\000C\000o\000n\000s\000t\000r\000a\000i\000n\000t}{subsection.4.1}% 35
\BOOKMARK [3][-]{subsubsection.4.1.2}{\376\377\000P\000h\000y\000s\000i\000c\000a\000l\000\040\000V\000e\000r\000i\000f\000i\000c\000a\000t\000i\000o\000n\000\040\000o\000f\000\040\000t\000h\000e\000\040\000A\000I\0001\000\040\000O\000p\000e\000r\000a\000t\000i\000n\000g\000\040\000P\000o\000i\000n\000t}{subsection.4.1}% 36
\BOOKMARK [2][-]{subsection.4.2}{\376\377\000H\000e\000a\000t\000\040\000D\000i\000s\000s\000i\000p\000a\000t\000i\000o\000n\000\040\000A\000r\000e\000a\000\040\000S\000c\000a\000l\000i\000n\000g\000\040\000a\000n\000d\000\040\000G\000W\000-\000C\000l\000a\000s\000s\000\040\000I\000m\000p\000l\000i\000c\000a\000t\000i\000o\000n\000s}{section.4}% 37
\BOOKMARK [3][-]{subsubsection.4.2.1}{\376\377\000A\000r\000e\000a\000\040\000S\000c\000a\000l\000i\000n\000g\000\040\000f\000r\000o\000m\000\040\000S\000i\000n\000g\000l\000e\000\040\000S\000a\000t\000e\000l\000l\000i\000t\000e\000\040\000t\000o\000\040\000S\000y\000s\000t\000e\000m}{subsection.4.2}% 38
\BOOKMARK [2][-]{subsection.4.3}{\376\377\000R\000e\000a\000l\000\040\000L\000E\000O\000\040\000T\000h\000e\000r\000m\000a\000l\000\040\000E\000n\000v\000i\000r\000o\000n\000m\000e\000n\000t\000\040\000C\000o\000n\000s\000t\000r\000a\000i\000n\000t\000s}{section.4}% 39
\BOOKMARK [3][-]{subsubsection.4.3.1}{\376\377\000E\000n\000v\000i\000r\000o\000n\000m\000e\000n\000t\000a\000l\000\040\000H\000e\000a\000t\000\040\000S\000o\000u\000r\000c\000e\000s}{subsection.4.3}% 40
\BOOKMARK [3][-]{subsubsection.4.3.2}{\376\377\000O\000r\000b\000i\000t\000a\000l\000\040\000D\000i\000u\000r\000n\000a\000l\000\040\000C\000y\000c\000l\000e\000\040\000a\000n\000d\000\040\000E\000n\000e\000r\000g\000y\000\040\000S\000t\000o\000r\000a\000g\000e\000\040\000C\000o\000n\000s\000t\000r\000a\000i\000n\000t\000s}{subsection.4.3}% 41
\BOOKMARK [3][-]{subsubsection.4.3.3}{\376\377\000L\000i\000m\000i\000t\000a\000t\000i\000o\000n\000s\000\040\000o\000f\000\040\000P\000h\000a\000s\000e\000\040\000C\000h\000a\000n\000g\000e\000\040\000M\000a\000t\000e\000r\000i\000a\000l\000s\000\040\000\050\000P\000C\000M\000\051}{subsection.4.3}% 42
\BOOKMARK [3][-]{subsubsection.4.3.4}{\376\377\000E\000n\000g\000i\000n\000e\000e\000r\000i\000n\000g\000\040\000N\000o\000t\000e\000\040\000o\000n\000\040\000S\000-\000B\000\040\000I\000d\000e\000a\000l\000\040\000V\000a\000l\000u\000e\000s\040\024\000I\000m\000p\000a\000c\000t\000\040\000o\000f\000\040\000L\000E\000O\000\040\000E\000n\000v\000i\000r\000o\000n\000m\000e\000n\000t\000a\000l\000\040\000H\000e\000a\000t\000\040\000S\000o\000u\000r\000c\000e\000s\000\040\000o\000n\000\040\000T\000h\000e\000r\000m\000a\000l\000\040\000D\000e\000s\000i\000g\000n}{subsection.4.3}% 43
\BOOKMARK [2][-]{subsection.4.4}{\376\377\000H\000e\000a\000t\000\040\000D\000i\000s\000s\000i\000p\000a\000t\000i\000o\000n\000\040\000D\000e\000n\000s\000i\000t\000y\000\040\000B\000o\000u\000n\000d\000a\000r\000y\000\040\000a\000n\000d\000\040\000O\000u\000t\000l\000o\000o\000k}{section.4}% 44
\BOOKMARK [3][-]{subsubsection.4.4.1}{\376\377\000C\000u\000r\000r\000e\000n\000t\000\040\000F\000e\000a\000s\000i\000b\000l\000e\000\040\000U\000p\000p\000e\000r\000\040\000L\000i\000m\000i\000t}{subsection.4.4}% 45
\BOOKMARK [3][-]{subsubsection.4.4.2}{\376\377\000D\000o\000u\000b\000l\000i\000n\000g\000\040\000\050\0002\000,\0008\0000\0000\000+\000\040\000W\000/\000m\0002\000\051\000\040\000I\000s\000\040\000N\000o\000t\000\040\000F\000e\000a\000s\000i\000b\000l\000e\000\040\000B\000e\000f\000o\000r\000e\000\040\0002\0000\0003\0005}{subsection.4.4}% 46
\BOOKMARK [3][-]{subsubsection.4.4.3}{\376\377\000A\000\040\000C\000o\000m\000b\000i\000n\000e\000d\000\040\000P\000a\000t\000h\000\040\000C\000a\000n\000\040\000A\000c\000h\000i\000e\000v\000e\000\040\0004\0000\040\023\0005\0000\000\045\000\040\000I\000m\000p\000r\000o\000v\000e\000m\000e\000n\000t}{subsection.4.4}% 47
\BOOKMARK [2][-]{subsection.4.5}{\376\377\000F\000i\000n\000a\000l\000\040\000J\000u\000d\000g\000m\000e\000n\000t\000\040\000o\000n\000\040\000S\000c\000i\000e\000n\000t\000i\000f\000i\000c\000\040\000F\000e\000a\000s\000i\000b\000i\000l\000i\000t\000y}{section.4}% 48
\BOOKMARK [1][-]{section.5}{\376\377\000E\000n\000g\000i\000n\000e\000e\000r\000i\000n\000g\000\040\000F\000e\000a\000s\000i\000b\000i\000l\000i\000t\000y\000:\000\040\000M\000a\000s\000s\000,\000\040\000P\000o\000w\000e\000r\000,\000\040\000L\000i\000f\000e\000t\000i\000m\000e\000,\000\040\000a\000n\000d\000\040\000L\000a\000u\000n\000c\000h\000\040\000C\000a\000p\000a\000c\000i\000t\000y}{}% 49
\BOOKMARK [2][-]{subsection.5.1}{\376\377\000C\000o\000m\000p\000u\000t\000e\000\040\000P\000a\000y\000l\000o\000a\000d\000\040\000M\000a\000s\000s\000:\000\040\000F\000r\000o\000m\000\040\000k\000W\000/\000t\000\040\000I\000n\000v\000e\000r\000s\000e\000\040\000t\000o\000\040\000B\000o\000t\000t\000o\000m\000-\000U\000p\000\040\000H\000a\000r\000d\000w\000a\000r\000e\000\040\000A\000n\000c\000h\000o\000r}{section.5}% 50
\BOOKMARK [3][-]{subsubsection.5.1.1}{\376\377\000F\000i\000r\000s\000t\000\040\000D\000e\000c\000l\000a\000r\000a\000t\000i\000o\000n\000:\000\040\000T\000h\000e\000\040\000`\000`\000k\000W\000\040\000p\000e\000r\000\040\000T\000o\000n\000'\000'\000\040\000I\000n\000v\000e\000r\000s\000e\000\040\000M\000e\000t\000h\000o\000d\000\040\000H\000a\000s\000\040\000B\000e\000e\000n\000\040\000P\000e\000r\000m\000a\000n\000e\000n\000t\000l\000y\000\040\000D\000e\000p\000r\000e\000c\000a\000t\000e\000d}{subsection.5.1}% 51
\BOOKMARK [3][-]{subsubsection.5.1.2}{\376\377\000C\000a\000l\000c\000u\000l\000a\000t\000i\000o\000n\000\040\000M\000e\000t\000h\000o\000d\000:\000\040\000G\000r\000o\000u\000n\000d\000\040\000H\000a\000r\000d\000w\000a\000r\000e\000\040\000A\000n\000c\000h\000o\000r\000\040\000+\000\040\000T\000h\000r\000e\000e\000\040\000S\000p\000a\000c\000e\000-\000A\000d\000a\000p\000t\000a\000t\000i\000o\000n\000\040\000I\000n\000c\000r\000e\000m\000e\000n\000t\000s}{subsection.5.1}% 52
\BOOKMARK [3][-]{subsubsection.5.1.3}{\376\377\000T\000h\000r\000e\000e\000\040\000I\000n\000c\000r\000e\000m\000e\000n\000t\000s\000:\000\040\000I\000n\000c\000l\000u\000d\000e\000d\000/\000N\000o\000t\000-\000I\000n\000c\000l\000u\000d\000e\000d\000\040\000I\000t\000e\000m\000\040\000L\000i\000s\000t}{subsection.5.1}% 53
\BOOKMARK [2][-]{subsection.5.2}{\376\377\000P\000o\000w\000e\000r\000\040\000S\000y\000s\000t\000e\000m\000\040\000R\000o\000u\000t\000e\000\040\000C\000o\000m\000p\000a\000r\000i\000s\000o\000n}{section.5}% 54
\BOOKMARK [3][-]{subsubsection.5.2.1}{\376\377\000G\000a\000A\000s\000\040\000P\000r\000i\000m\000a\000r\000y\000\040\000C\000h\000a\000i\000n\000\040\000P\000o\000w\000e\000r\000\040\000S\000y\000s\000t\000e\000m}{subsection.5.2}% 55
\BOOKMARK [3][-]{subsubsection.5.2.2}{\376\377\000H\000J\000T\000\040\000P\000a\000r\000a\000l\000l\000e\000l\000\040\000R\000o\000u\000t\000e\000\040\000P\000o\000w\000e\000r\000\040\000S\000y\000s\000t\000e\000m}{subsection.5.2}% 56
\BOOKMARK [3][-]{subsubsection.5.2.3}{\376\377\000G\000a\000A\000s\000\040\000v\000s\000.\000\040\000H\000J\000T\000\040\000C\000o\000m\000p\000a\000r\000i\000s\000o\000n\000\040\000a\000n\000d\000\040\0007\0000\000\040\000m\000\040\000W\000i\000n\000g\000s\000p\000a\000n\000\040\000C\000o\000n\000s\000t\000r\000a\000i\000n\000t\000\040\000A\000n\000a\000l\000y\000s\000i\000s}{subsection.5.2}% 57
\BOOKMARK [3][-]{subsubsection.5.2.4}{\376\377\000M\000a\000t\000e\000r\000i\000a\000l\000s\000\040\000S\000u\000p\000p\000l\000e\000m\000e\000n\000t\000:\000\040\000H\000J\000T\000\040\000f\000o\000r\000\040\0001\0000\000-\000Y\000e\000a\000r\000\040\000S\000p\000a\000c\000e\000\040\000D\000e\000s\000i\000g\000n}{subsection.5.2}% 58
\BOOKMARK [3][-]{subsubsection.5.2.5}{\376\377\000B\000a\000t\000t\000e\000r\000y\000\040\000T\000h\000r\000e\000e\000-\000B\000r\000a\000n\000c\000h\000\040\000A\000n\000a\000l\000y\000s\000i\000s}{subsection.5.2}% 59
\BOOKMARK [3][-]{subsubsection.5.2.6}{\376\377\000P\000o\000w\000e\000r\000\040\000S\000y\000s\000t\000e\000m\000\040\000S\000u\000m\000m\000a\000r\000y}{subsection.5.2}% 60
\BOOKMARK [3][-]{subsubsection.5.2.7}{\376\377\000P\000o\000w\000e\000r\000\040\000S\000p\000e\000c\000i\000f\000i\000c\000a\000t\000i\000o\000n\000\040\000C\000l\000a\000r\000i\000f\000i\000c\000a\000t\000i\000o\000n\000:\000\040\0001\0002\0000\000\040\000k\000W\000\040\000S\000u\000s\000t\000a\000i\000n\000e\000d\000\040\000v\000s\000.\000\040\0001\0005\0000\000\040\000k\000W\000\040\000P\000e\000a\000k}{subsection.5.2}% 61
\BOOKMARK [3][-]{subsubsection.5.2.8}{\376\377\000M\000i\000s\000r\000e\000a\000d\000i\000n\000g\000\040\000C\000h\000e\000c\000k\000:\000\040\000I\000f\000\040\0001\0005\0000\000\040\000k\000W\000\040\000I\000s\000\040\000M\000i\000s\000i\000n\000t\000e\000r\000p\000r\000e\000t\000e\000d\000\040\000a\000s\000\040\000A\000r\000r\000a\000y\000\040\000P\000e\000a\000k}{subsection.5.2}% 62
\BOOKMARK [2][-]{subsection.5.3}{\376\377\000F\000u\000l\000l\000\040\000S\000a\000t\000e\000l\000l\000i\000t\000e\000\040\000M\000a\000s\000s\000\040\000B\000r\000e\000a\000k\000d\000o\000w\000n\000\040\000\050\0001\0000\000y\000r\000-\000G\000a\000A\000s\000\040\000B\000a\000s\000e\000l\000i\000n\000e\000\051}{section.5}% 63
\BOOKMARK [2][-]{subsection.5.4}{\376\377\000O\000n\000-\000O\000r\000b\000i\000t\000\040\000L\000i\000f\000e\000t\000i\000m\000e\000,\000\040\000F\000a\000i\000l\000u\000r\000e\000\040\000R\000a\000t\000e\000,\000\040\000a\000n\000d\000\040\000S\000e\000r\000v\000i\000c\000e\000\040\000I\000n\000f\000e\000a\000s\000i\000b\000i\000l\000i\000t\000y}{section.5}% 64
\BOOKMARK [3][-]{subsubsection.5.4.1}{\376\377\0005\000\040\000y\000r\000\040\000v\000s\000.\000\040\0001\0000\000\040\000y\000r\000:\000\040\000L\000i\000f\000e\000t\000i\000m\000e\000\040\000a\000s\000\040\000a\000\040\000L\000e\000v\000e\000r\000\040\000o\000n\000\040\000T\000o\000t\000a\000l\000\040\000C\000o\000s\000t}{subsection.5.4}% 65
\BOOKMARK [3][-]{subsubsection.5.4.2}{\376\377\000O\000n\000-\000O\000r\000b\000i\000t\000\040\000G\000P\000U\000\040\000F\000a\000i\000l\000u\000r\000e\000\040\000R\000a\000t\000e\000\040\000E\000s\000t\000i\000m\000a\000t\000i\000o\000n}{subsection.5.4}% 66
\BOOKMARK [3][-]{subsubsection.5.4.3}{\376\377\000I\000n\000f\000e\000a\000s\000i\000b\000i\000l\000i\000t\000y\000\040\000o\000f\000\040\000O\000n\000-\000O\000r\000b\000i\000t\000\040\000S\000e\000r\000v\000i\000c\000i\000n\000g}{subsection.5.4}% 67
\BOOKMARK [2][-]{subsection.5.5}{\376\377\000L\000a\000u\000n\000c\000h\000\040\000C\000a\000p\000a\000c\000i\000t\000y\000\040\000R\000e\000a\000l\000i\000t\000y\000\040\000C\000h\000e\000c\000k}{section.5}% 68
\BOOKMARK [3][-]{subsubsection.5.5.1}{\376\377\000L\000o\000a\000d\000\040\000C\000o\000u\000n\000t\000\040\000C\000o\000r\000r\000e\000s\000p\000o\000n\000d\000i\000n\000g\000\040\000t\000o\000\040\000S\000i\000n\000g\000l\000e\000-\000S\000a\000t\000e\000l\000l\000i\000t\000e\000\040\000M\000a\000s\000s}{subsection.5.5}% 69
\BOOKMARK [3][-]{subsubsection.5.5.2}{\376\377\000Q\000u\000a\000n\000t\000i\000t\000a\000t\000i\000v\000e\000\040\000V\000e\000r\000i\000f\000i\000c\000a\000t\000i\000o\000n\000\040\000o\000f\000\040\000M\000u\000s\000k\000'\000s\000\040\000`\000`\0003\0000\0000\040\023\0005\0000\0000\000G\000W\000/\000y\000r\000'\000'\000\040\000C\000l\000a\000i\000m}{subsection.5.5}% 70
\BOOKMARK [2][-]{subsection.5.6}{\376\377\000F\000i\000n\000a\000l\000\040\000J\000u\000d\000g\000m\000e\000n\000t\000\040\000o\000n\000\040\000E\000n\000g\000i\000n\000e\000e\000r\000i\000n\000g\000\040\000F\000e\000a\000s\000i\000b\000i\000l\000i\000t\000y}{section.5}% 71
\BOOKMARK [1][-]{section.6}{\376\377\000C\000o\000m\000m\000e\000r\000c\000i\000a\000l\000\040\000F\000e\000a\000s\000i\000b\000i\000l\000i\000t\000y\000:\000\040\000T\000h\000r\000e\000e\000-\000B\000r\000a\000n\000c\000h\000\040\000T\000C\000O\000\040\000w\000i\000t\000h\000\040\000S\000c\000e\000n\000a\000r\000i\000o\000\040\000S\000t\000r\000a\000t\000i\000f\000i\000c\000a\000t\000i\000o\000n}{}% 72
\BOOKMARK [2][-]{subsection.6.1}{\376\377\000C\000o\000m\000p\000a\000r\000i\000s\000o\000n\000\040\000B\000a\000s\000e\000l\000i\000n\000e\000:\000\040\000T\000h\000i\000s\000\040\000R\000e\000p\000o\000r\000t\000'\000s\000\040\000U\000n\000i\000f\000i\000e\000d\000\040\000C\000o\000s\000t\000\040\000M\000o\000d\000e\000l}{section.6}% 73
\BOOKMARK [3][-]{subsubsection.6.1.1}{\376\377\000T\000o\000t\000a\000l\000\040\000C\000o\000s\000t\000\040\000F\000o\000r\000m\000u\000l\000a}{subsection.6.1}% 74
\BOOKMARK [3][-]{subsubsection.6.1.2}{\376\377\000U\000n\000i\000f\000i\000e\000d\000\040\000A\000s\000s\000u\000m\000p\000t\000i\000o\000n\000s}{subsection.6.1}% 75
\BOOKMARK [2][-]{subsection.6.2}{\376\377\0001\0000\000y\000r\000-\000G\000a\000A\000s\000\040\000P\000r\000i\000m\000a\000r\000y\000\040\000C\000h\000a\000i\000n\000:\000\040\000C\000o\000m\000p\000l\000e\000t\000e\000\040\000T\000C\000O\000\040\000B\000r\000e\000a\000k\000d\000o\000w\000n}{section.6}% 76
\BOOKMARK [2][-]{subsection.6.3}{\376\377\000C\000o\000m\000p\000a\000r\000i\000s\000o\000n\000\040\000B\000r\000a\000n\000c\000h\000\040\000C\000o\000n\000t\000r\000a\000s\000t}{section.6}% 77
\BOOKMARK [3][-]{subsubsection.6.3.1}{\376\377\0005\000y\000r\000-\000G\000a\000A\000s\000:\000\040\000T\000h\000e\000\040\000C\000o\000s\000t\000\040\000o\000f\000\040\000S\000h\000o\000r\000t\000e\000n\000e\000d\000\040\000L\000i\000f\000e\000t\000i\000m\000e}{subsection.6.3}% 78
\BOOKMARK [3][-]{subsubsection.6.3.2}{\376\377\0005\000y\000r\000-\000H\000J\000T\000:\000\040\000C\000o\000s\000t\000\040\000C\000o\000n\000s\000t\000r\000a\000i\000n\000t\000s\000\040\000o\000f\000\040\000t\000h\000e\000\040\000P\000a\000r\000a\000l\000l\000e\000l\000\040\000R\000o\000u\000t\000e}{subsection.6.3}% 79
\BOOKMARK [2][-]{subsection.6.4}{\376\377\000T\000h\000r\000e\000e\000-\000B\000r\000a\000n\000c\000h\000\040\000T\000C\000O\000\040\000O\000v\000e\000r\000v\000i\000e\000w\000\040\000a\000n\000d\000\040\000R\000a\000n\000k\000i\000n\000g}{section.6}% 80
\BOOKMARK [2][-]{subsection.6.5}{\376\377\000Q\000u\000a\000n\000t\000i\000f\000i\000e\000d\000\040\000I\000m\000p\000a\000c\000t\000\040\000o\000f\000\040\000S\000p\000e\000c\000i\000f\000i\000c\000a\000t\000i\000o\000n\000\040\000D\000i\000f\000f\000e\000r\000e\000n\000c\000e\000s\000:\000\040\000L\000a\000u\000n\000c\000h\000\040\000U\000n\000i\000t\000\040\000C\000o\000s\000t\000\040\000S\000e\000n\000s\000i\000t\000i\000v\000i\000t\000y}{section.6}% 81
\BOOKMARK [2][-]{subsection.6.6}{\376\377\000F\000l\000i\000p\000-\000C\000o\000n\000d\000i\000t\000i\000o\000n\000\040\000A\000n\000a\000l\000y\000s\000i\000s\000:\000\040\000W\000h\000i\000c\000h\000\040\000P\000a\000r\000a\000m\000e\000t\000e\000r\000\040\000C\000o\000m\000b\000i\000n\000a\000t\000i\000o\000n\000s\000\040\000W\000o\000u\000l\000d\000\040\000C\000h\000a\000n\000g\000e\000\040\000t\000h\000e\000\040\000D\000i\000r\000e\000c\000t\000i\000o\000n\000\040\000o\000f\000\040\000C\000o\000n\000c\000l\000u\000s\000i\000o\000n\000s}{section.6}% 82
\BOOKMARK [2][-]{subsection.6.7}{\376\377\000C\000o\000m\000m\000e\000r\000c\000i\000a\000l\000\040\000D\000i\000v\000e\000r\000g\000e\000n\000c\000e\000\040\000B\000e\000t\000w\000e\000e\000n\000\040\000T\000r\000a\000i\000n\000i\000n\000g\000\040\000a\000n\000d\000\040\000I\000n\000f\000e\000r\000e\000n\000c\000e}{section.6}% 83
\BOOKMARK [3][-]{subsubsection.6.7.1}{\376\377\000T\000r\000a\000i\000n\000i\000n\000g\000\040\000S\000c\000e\000n\000a\000r\000i\000o\000:\000\040\000O\000r\000b\000i\000t\000a\000l\000\040\000C\000o\000m\000p\000u\000t\000e\000\040\000C\000o\000m\000p\000e\000t\000i\000t\000i\000v\000e\000n\000e\000s\000s\000\040\000I\000s\000\040\000E\000v\000e\000n\000\040\000W\000e\000a\000k\000e\000r}{subsection.6.7}% 84
\BOOKMARK [3][-]{subsubsection.6.7.2}{\376\377\000I\000n\000f\000e\000r\000e\000n\000c\000e\000\040\000S\000c\000e\000n\000a\000r\000i\000o\000:\000\040\000G\000l\000o\000b\000a\000l\000\040\000L\000o\000w\000\040\000L\000a\000t\000e\000n\000c\000y\000\040\000H\000a\000s\000\040\000R\000e\000l\000a\000t\000i\000v\000e\000\040\000A\000d\000v\000a\000n\000t\000a\000g\000e\000s\000,\000\040\000B\000u\000t\000\040\000S\000c\000a\000l\000e\000\040\000I\000s\000\040\000L\000i\000m\000i\000t\000e\000d}{subsection.6.7}% 85
\BOOKMARK [3][-]{subsubsection.6.7.3}{\376\377\000Q\000u\000a\000l\000i\000t\000a\000t\000i\000v\000e\000\040\000D\000i\000r\000e\000c\000t\000i\000o\000n\000a\000l\000\040\000C\000o\000m\000p\000a\000r\000i\000s\000o\000n\000\040\000o\000f\000\040\000T\000r\000a\000i\000n\000i\000n\000g\000/\000I\000n\000f\000e\000r\000e\000n\000c\000e\000\040\000D\000i\000v\000e\000r\000g\000e\000n\000c\000e}{subsection.6.7}% 86
\BOOKMARK [2][-]{subsection.6.8}{\376\377\000G\000P\000U\000\040\000F\000a\000i\000l\000u\000r\000e\000\040\000R\000a\000t\000e\000\040\000T\000C\000O\000\040\000S\000e\000n\000s\000i\000t\000i\000v\000i\000t\000y\000\040\000A\000n\000a\000l\000y\000s\000i\000s}{section.6}% 87
\BOOKMARK [3][-]{subsubsection.6.8.1}{\376\377\000F\000a\000i\000l\000u\000r\000e\000\040\000M\000o\000d\000e\000l\000\040\000a\000n\000d\000\040\000A\000s\000s\000u\000m\000p\000t\000i\000o\000n\000s}{subsection.6.8}% 88
\BOOKMARK [3][-]{subsubsection.6.8.2}{\376\377\000S\000e\000n\000s\000i\000t\000i\000v\000i\000t\000y\000\040\000C\000a\000l\000c\000u\000l\000a\000t\000i\000o\000n\000\040\000R\000e\000s\000u\000l\000t\000s}{subsection.6.8}% 89
\BOOKMARK [3][-]{subsubsection.6.8.3}{\376\377\000I\000n\000t\000e\000r\000p\000r\000e\000t\000a\000t\000i\000o\000n\000\040\000a\000n\000d\000\040\000C\000o\000n\000c\000l\000u\000s\000i\000o\000n\000s}{subsection.6.8}% 90
\BOOKMARK [2][-]{subsection.6.9}{\376\377\000F\000i\000n\000a\000l\000\040\000J\000u\000d\000g\000m\000e\000n\000t\000\040\000o\000n\000\040\000C\000o\000m\000m\000e\000r\000c\000i\000a\000l\000\040\000F\000e\000a\000s\000i\000b\000i\000l\000i\000t\000y}{section.6}% 91
\BOOKMARK [1][-]{section.7}{\376\377\000S\000y\000n\000t\000h\000e\000s\000i\000z\000e\000d\000\040\000J\000u\000d\000g\000m\000e\000n\000t}{}% 92
\BOOKMARK [2][-]{subsection.7.1}{\376\377\000K\000n\000o\000w\000n\000\040\000F\000a\000c\000t\000s}{section.7}% 93
\BOOKMARK [2][-]{subsection.7.2}{\376\377\000C\000o\000m\000p\000u\000t\000a\000b\000l\000e\000\040\000C\000h\000a\000i\000n\000s}{section.7}% 94
\BOOKMARK [2][-]{subsection.7.3}{\376\377\000C\000u\000r\000r\000e\000n\000t\000l\000y\000\040\000U\000n\000d\000e\000c\000i\000d\000a\000b\000l\000e}{section.7}% 95
\BOOKMARK [2][-]{subsection.7.4}{\376\377\000T\000i\000m\000e\000l\000i\000n\000e\000\040\000O\000u\000t\000l\000o\000o\000k}{section.7}% 96
\BOOKMARK [2][-]{subsection.7.5}{\376\377\000R\000o\000b\000u\000s\000t\000n\000e\000s\000s\000\040\000S\000t\000a\000t\000e\000m\000e\000n\000t\000\040\000o\000f\000\040\000C\000o\000n\000c\000l\000u\000s\000i\000o\000n\000s}{section.7}% 97
\BOOKMARK [2][-]{subsection.7.6}{\376\377\000A\000n\000a\000l\000y\000t\000i\000c\000a\000l\000\040\000S\000t\000a\000n\000c\000e\000\040\000a\000n\000d\000\040\000M\000e\000t\000h\000o\000d}{section.7}% 98
\BOOKMARK [1][-]{appendix.A}{\376\377\000A\000l\000i\000g\000n\000m\000e\000n\000t\000\040\000M\000a\000t\000r\000i\000x}{}% 99
\BOOKMARK [2][-]{subsection.A.1}{\376\377\000C\000a\000l\000i\000b\000r\000a\000t\000i\000o\000n\000\040\000D\000i\000m\000e\000n\000s\000i\000o\000n\000\040\000D\000e\000f\000i\000n\000i\000t\000i\000o\000n\000s}{appendix.A}% 100
\BOOKMARK [2][-]{subsection.A.2}{\376\377\000C\000o\000m\000p\000l\000e\000t\000e\000\040\000A\000l\000i\000g\000n\000m\000e\000n\000t\000\040\000M\000a\000t\000r\000i\000x}{appendix.A}% 101
\BOOKMARK [2][-]{subsection.A.3}{\376\377\000Q\000u\000a\000n\000t\000i\000t\000a\000t\000i\000v\000e\000\040\000I\000m\000p\000a\000c\000t\000\040\000o\000f\000\040\000C\000a\000l\000i\000b\000r\000a\000t\000i\000o\000n\000\040\000D\000i\000f\000f\000e\000r\000e\000n\000c\000e\000s}{appendix.A}% 102
\BOOKMARK [2][-]{subsection.A.4}{\376\377\000W\000h\000y\000\040\000D\000i\000f\000f\000e\000r\000e\000n\000t\000\040\000S\000c\000e\000n\000a\000r\000i\000o\000s\000\040\000C\000a\000n\000n\000o\000t\000\040\000B\000e\000\040\000D\000i\000r\000e\000c\000t\000l\000y\000\040\000C\000o\000m\000p\000a\000r\000e\000d}{appendix.A}% 103
\BOOKMARK [2][-]{subsection.A.5}{\376\377\000C\000r\000o\000s\000s\000-\000S\000c\000e\000n\000a\000r\000i\000o\000\040\000C\000o\000n\000v\000e\000r\000s\000i\000o\000n\000\040\000R\000e\000f\000e\000r\000e\000n\000c\000e}{appendix.A}% 104
\BOOKMARK [1][-]{appendix.B}{\376\377\000K\000e\000y\000\040\000P\000a\000r\000a\000m\000e\000t\000e\000r\000\040\000V\000a\000l\000u\000e\000s\000\040\000a\000n\000d\000\040\000C\000o\000n\000t\000r\000o\000v\000e\000r\000s\000y\000\040\000A\000d\000j\000u\000d\000i\000c\000a\000t\000i\000o\000n}{}% 105
\BOOKMARK [2][-]{subsection.B.1}{\376\377\000F\000o\000u\000r\000-\000T\000i\000e\000r\000\040\000E\000v\000i\000d\000e\000n\000c\000e\000\040\000S\000y\000s\000t\000e\000m\000\040\000D\000e\000f\000i\000n\000i\000t\000i\000o\000n}{appendix.B}% 106
\BOOKMARK [2][-]{subsection.B.2}{\376\377\000C\000o\000r\000e\000\040\000C\000o\000n\000t\000r\000o\000v\000e\000r\000s\000i\000a\000l\000\040\000P\000a\000r\000a\000m\000e\000t\000e\000r\000\040\000A\000d\000j\000u\000d\000i\000c\000a\000t\000i\000o\000n\000\040\000T\000a\000b\000l\000e}{appendix.B}% 107
\BOOKMARK [2][-]{subsection.B.3}{\376\377\0004\0007\000-\000P\000a\000r\000a\000m\000e\000t\000e\000r\000\040\000T\000i\000e\000r\000\040\000C\000l\000a\000s\000s\000i\000f\000i\000c\000a\000t\000i\000o\000n\000\040\000S\000t\000a\000t\000i\000s\000t\000i\000c\000a\000l\000\040\000S\000u\000m\000m\000a\000r\000y}{appendix.B}% 108
\BOOKMARK [2][-]{subsection.B.4}{\376\377\000C\000o\000m\000p\000l\000e\000t\000e\000\040\000P\000a\000r\000a\000m\000e\000t\000e\000r\000\040\000I\000n\000v\000e\000n\000t\000o\000r\000y\000\040\000b\000y\000\040\000T\000i\000e\000r}{appendix.B}% 109
\BOOKMARK [1][-]{appendix.C}{\376\377\000C\000o\000r\000e\000\040\000C\000a\000l\000c\000u\000l\000a\000t\000i\000o\000n\000\040\000M\000e\000t\000h\000o\000d\000s\000\040\000a\000n\000d\000\040\000F\000o\000r\000m\000u\000l\000a\000s}{}% 110
\BOOKMARK [2][-]{subsection.C.1}{\376\377\000S\000t\000e\000f\000a\000n\040\023\000B\000o\000l\000t\000z\000m\000a\000n\000n\000\040\000H\000e\000a\000t\000\040\000D\000i\000s\000s\000i\000p\000a\000t\000i\000o\000n\000\040\000D\000e\000r\000i\000v\000a\000t\000i\000o\000n}{appendix.C}% 111
\BOOKMARK [3][-]{subsubsection.C.1.1}{\376\377\000B\000a\000s\000i\000c\000\040\000F\000o\000r\000m\000u\000l\000a}{subsection.C.1}% 112
\BOOKMARK [3][-]{subsubsection.C.1.2}{\376\377\000A\000I\0001\000\040\000O\000p\000e\000r\000a\000t\000i\000n\000g\000\040\000P\000o\000i\000n\000t\000\040\000B\000a\000c\000k\000-\000C\000a\000l\000c\000u\000l\000a\000t\000i\000o\000n}{subsection.C.1}% 113
\BOOKMARK [3][-]{subsubsection.C.1.3}{\376\377\000R\000a\000d\000i\000a\000t\000o\000r\000\040\000A\000r\000e\000a\000\040\000S\000c\000a\000l\000i\000n\000g}{subsection.C.1}% 114
\BOOKMARK [3][-]{subsubsection.C.1.4}{\376\377\000P\000a\000r\000a\000m\000e\000t\000e\000r\000\040\000S\000e\000n\000s\000i\000t\000i\000v\000i\000t\000y\000\040\000A\000n\000a\000l\000y\000s\000i\000s}{subsection.C.1}% 115
\BOOKMARK [3][-]{subsubsection.C.1.5}{\376\377\000H\000e\000a\000t\000\040\000D\000i\000s\000s\000i\000p\000a\000t\000i\000o\000n\000\040\000D\000e\000n\000s\000i\000t\000y\000\040\000B\000o\000u\000n\000d\000a\000r\000y\000\040\000C\000o\000n\000c\000l\000u\000s\000i\000o\000n}{subsection.C.1}% 116
\BOOKMARK [2][-]{subsection.C.2}{\376\377\000O\000r\000b\000i\000t\000a\000l\000\040\000P\000o\000w\000e\000r\000\040\000S\000y\000s\000t\000e\000m\000\040\000A\000r\000e\000a\000\040\000a\000n\000d\000\040\000E\000n\000e\000r\000g\000y\000\040\000B\000u\000d\000g\000e\000t\000\040\000D\000e\000r\000i\000v\000a\000t\000i\000o\000n}{appendix.C}% 117
\BOOKMARK [3][-]{subsubsection.C.2.1}{\376\377\000O\000r\000b\000i\000t\000a\000l\000\040\000M\000e\000c\000h\000a\000n\000i\000c\000s\000\040\000F\000u\000n\000d\000a\000m\000e\000n\000t\000a\000l\000s}{subsection.C.2}% 118
\BOOKMARK [3][-]{subsubsection.C.2.2}{\376\377\000B\000a\000t\000t\000e\000r\000y\000\040\000C\000a\000p\000a\000c\000i\000t\000y\000\040\000R\000e\000q\000u\000i\000r\000e\000m\000e\000n\000t}{subsection.C.2}% 119
\BOOKMARK [3][-]{subsubsection.C.2.3}{\376\377\000R\000e\000c\000h\000a\000r\000g\000e\000\040\000P\000o\000w\000e\000r\000\040\000a\000n\000d\000\040\000A\000r\000r\000a\000y\000\040\000A\000r\000e\000a}{subsection.C.2}% 120
\BOOKMARK [3][-]{subsubsection.C.2.4}{\376\377\000P\000C\000D\000U\000\040\000M\000a\000s\000s}{subsection.C.2}% 121
\BOOKMARK [2][-]{subsection.C.3}{\376\377\000B\000o\000t\000t\000o\000m\000-\000U\000p\000\040\000C\000o\000m\000p\000u\000t\000e\000\040\000P\000a\000y\000l\000o\000a\000d\000\040\000M\000a\000s\000s\000\040\000C\000h\000a\000i\000n\000\040\000D\000e\000r\000i\000v\000a\000t\000i\000o\000n}{appendix.C}% 122
\BOOKMARK [3][-]{subsubsection.C.3.1}{\376\377\000G\000r\000o\000u\000n\000d\000\040\000H\000a\000r\000d\000w\000a\000r\000e\000\040\000B\000a\000s\000e\000l\000i\000n\000e\000\040\000\050\000T\000i\000e\000r\000\040\0002\000\040\000/\000\040\000A\0001\000\040\000A\000n\000c\000h\000o\000r\000\051}{subsection.C.3}% 123
\BOOKMARK [3][-]{subsubsection.C.3.2}{\376\377\000D\000e\000c\000o\000m\000p\000o\000s\000i\000t\000i\000o\000n\000\040\000o\000f\000\040\000T\000h\000r\000e\000e\000\040\000S\000p\000a\000c\000e\000-\000H\000a\000r\000d\000e\000n\000i\000n\000g\000\040\000I\000n\000c\000r\000e\000m\000e\000n\000t\000s}{subsection.C.3}% 124
\BOOKMARK [1][-]{appendix.D}{\376\377\000E\000v\000i\000d\000e\000n\000c\000e\000\040\000C\000h\000a\000i\000n\000s\000,\000\040\000C\000i\000t\000a\000t\000i\000o\000n\000\040\000C\000h\000a\000i\000n\000s\000,\000\040\000a\000n\000d\000\040\000S\000c\000r\000i\000p\000t\000\040\000R\000o\000u\000t\000i\000n\000g}{}% 125
\BOOKMARK [2][-]{subsection.D.1}{\376\377\000F\000i\000v\000e\000-\000L\000a\000y\000e\000r\000\040\000R\000o\000u\000t\000i\000n\000g\000\040\000E\000x\000p\000l\000a\000n\000a\000t\000i\000o\000n}{appendix.D}% 126
\BOOKMARK [2][-]{subsection.D.2}{\376\377\000K\000e\000y\000\040\000C\000o\000n\000c\000l\000u\000s\000i\000o\000n\000\040\000Q\000u\000i\000c\000k\000-\000L\000o\000o\000k\000u\000p\000\040\000R\000o\000u\000t\000i\000n\000g\000\040\000T\000a\000b\000l\000e}{appendix.D}% 127
\BOOKMARK [2][-]{subsection.D.3}{\376\377\000P\000y\000t\000h\000o\000n\000\040\000S\000c\000r\000i\000p\000t\000\040\000E\000n\000t\000r\000y\000\040\000P\000o\000i\000n\000t\000s}{appendix.D}% 128
\BOOKMARK [3][-]{subsubsection.D.3.1}{\376\377\000s\000t\000a\000g\000e\0002\000\137\000p\000o\000w\000e\000r\000\137\000s\000y\000s\000t\000e\000m\000\137\000m\000o\000d\000e\000l\000.\000p\000y}{subsection.D.3}% 129
\BOOKMARK [3][-]{subsubsection.D.3.2}{\376\377\000s\000t\000a\000g\000e\0002\000\137\000m\000a\000s\000s\000\137\000c\000o\000s\000t\000\137\000m\000o\000d\000e\000l\000.\000p\000y}{subsection.D.3}% 130
\BOOKMARK [2][-]{subsection.D.4}{\376\377\000C\000o\000m\000p\000l\000e\000t\000e\000\040\000R\000e\000f\000e\000r\000e\000n\000c\000e\000\040\000M\000a\000t\000e\000r\000i\000a\000l\000s\000\040\000I\000n\000v\000e\000n\000t\000o\000r\000y}{appendix.D}% 131
\BOOKMARK [3][-]{subsubsection.D.4.1}{\376\377\000H\000e\000a\000t\000\040\000D\000i\000s\000s\000i\000p\000a\000t\000i\000o\000n\000\040\000P\000h\000y\000s\000i\000c\000s}{subsection.D.4}% 132
\BOOKMARK [3][-]{subsubsection.D.4.2}{\376\377\000O\000r\000b\000i\000t\000a\000l\000\040\000E\000n\000v\000i\000r\000o\000n\000m\000e\000n\000t}{subsection.D.4}% 133
\BOOKMARK [3][-]{subsubsection.D.4.3}{\376\377\000L\000a\000u\000n\000c\000h\000\040\000C\000o\000s\000t}{subsection.D.4}% 134
\BOOKMARK [3][-]{subsubsection.D.4.4}{\376\377\000G\000P\000U\000\040\000H\000a\000r\000d\000w\000a\000r\000e}{subsection.D.4}% 135
\BOOKMARK [3][-]{subsubsection.D.4.5}{\376\377\000P\000o\000w\000e\000r\000\040\000S\000y\000s\000t\000e\000m}{subsection.D.4}% 136
\BOOKMARK [3][-]{subsubsection.D.4.6}{\376\377\000C\000o\000m\000m\000e\000r\000c\000i\000a\000l\000\040\000/\000\040\000E\000c\000o\000n\000o\000m\000i\000c}{subsection.D.4}% 137
\BOOKMARK [3][-]{subsubsection.D.4.7}{\376\377\000D\000a\000t\000a\000b\000a\000s\000e\000s}{subsection.D.4}% 138
\BOOKMARK [1][-]{appendix.E}{\376\377\000D\000e\000p\000r\000e\000c\000a\000t\000e\000d\000\040\000D\000e\000r\000i\000v\000a\000t\000i\000o\000n\000\040\000C\000h\000a\000i\000n\000s\000\040\000a\000n\000d\000\040\000P\000a\000r\000a\000m\000e\000t\000e\000r\000\040\000C\000o\000n\000s\000t\000r\000a\000i\000n\000t\000s}{}% 139
\BOOKMARK [2][-]{subsection.E.1}{\376\377\000k\000W\000/\000t\000\040\000B\000a\000c\000k\000-\000C\000a\000l\000c\000u\000l\000a\000t\000i\000o\000n\000\040\000C\000h\000a\000i\000n\000\040\000D\000e\000p\000r\000e\000c\000a\000t\000i\000o\000n}{appendix.E}% 140
\BOOKMARK [3][-]{subsubsection.E.1.1}{\376\377\000D\000e\000p\000r\000e\000c\000a\000t\000e\000d\000\040\000C\000o\000n\000t\000e\000n\000t}{subsection.E.1}% 141
\BOOKMARK [3][-]{subsubsection.E.1.2}{\376\377\000T\000h\000r\000e\000e\000\040\000R\000o\000o\000t\000\040\000C\000a\000u\000s\000e\000s}{subsection.E.1}% 142
\BOOKMARK [3][-]{subsubsection.E.1.3}{\376\377\000R\000e\000p\000l\000a\000c\000e\000m\000e\000n\000t\000\040\000P\000a\000t\000h}{subsection.E.1}% 143
\BOOKMARK [2][-]{subsection.E.2}{\376\377\000D\000e\000r\000i\000v\000a\000t\000i\000o\000n\000\040\000P\000a\000t\000h\000\040\000R\000e\000p\000l\000a\000c\000e\000m\000e\000n\000t\000\040\000R\000e\000l\000a\000t\000i\000o\000n\000s\000h\000i\000p\000\040\000T\000a\000b\000l\000e}{appendix.E}% 144
\BOOKMARK [2][-]{subsection.E.3}{\376\377\000S\000u\000p\000e\000r\000s\000e\000d\000e\000d\000\040\000P\000a\000r\000a\000m\000e\000t\000e\000r\000s\000\040\000a\000n\000d\000\040\000C\000u\000r\000r\000e\000n\000t\000\040\000V\000a\000l\000u\000e\000\040\000C\000o\000m\000p\000a\000r\000i\000s\000o\000n}{appendix.E}% 145
\BOOKMARK [2][-]{subsection.E.4}{\376\377\000P\000a\000r\000a\000m\000e\000t\000e\000r\000\040\000F\000o\000u\000r\000-\000T\000i\000e\000r\000\040\000C\000l\000a\000s\000s\000i\000f\000i\000c\000a\000t\000i\000o\000n\000\040\000a\000n\000d\000\040\000D\000o\000D\000\040\000B\000o\000u\000n\000d\000a\000r\000y\000\040\000C\000o\000n\000s\000t\000r\000a\000i\000n\000t\000s}{appendix.E}% 146
\BOOKMARK [3][-]{subsubsection.E.4.1}{\376\377\000P\000a\000r\000a\000m\000e\000t\000e\000r\000\040\000F\000o\000u\000r\000-\000T\000i\000e\000r\000\040\000C\000l\000a\000s\000s\000i\000f\000i\000c\000a\000t\000i\000o\000n\000\040\000C\000o\000n\000s\000t\000r\000a\000i\000n\000t\000s}{subsection.E.4}% 147
\BOOKMARK [3][-]{subsubsection.E.4.2}{\376\377\000D\000o\000D\000\040\000B\000o\000u\000n\000d\000a\000r\000y\000\040\000C\000o\000n\000s\000t\000r\000a\000i\000n\000t\000s}{subsection.E.4}% 148
\BOOKMARK [2][-]{subsection.E.5}{\376\377\000P\000a\000r\000a\000m\000e\000t\000e\000r\000\040\000T\000i\000e\000r\000\040\000R\000e\000a\000d\000i\000n\000g\000\040\000G\000u\000i\000d\000e}{appendix.E}% 149
\BOOKMARK [2][-]{subsection.E.6}{\376\377\000K\000e\000y\000\040\000P\000a\000r\000a\000m\000e\000t\000e\000r\000\040\000C\000o\000n\000s\000t\000r\000a\000i\000n\000t\000\040\000C\000o\000n\000d\000i\000t\000i\000o\000n\000s}{appendix.E}% 150
