\BOOKMARK [1][-]{section.1}{\376\377\137\025\212\000\116\016\000\040\000L\000E\000O\000\040\127\372\121\306\126\336\230\176}{}% 1
\BOOKMARK [2][-]{subsection.1.1}{\376\377\170\024\172\166\200\314\146\157}{section.1}% 2
\BOOKMARK [2][-]{subsection.1.2}{\376\377\000L\000E\000O\000\040\127\372\121\306\123\302\145\160}{section.1}% 3
\BOOKMARK [2][-]{subsection.1.3}{\376\377\147\054\142\245\124\112\213\304\117\060\150\106\147\266}{section.1}% 4
\BOOKMARK [2][-]{subsection.1.4}{\376\377\145\160\143\156\147\145\156\220\116\016\145\271\154\325}{section.1}% 5
\BOOKMARK [1][-]{section.2}{\376\377\217\150\220\123\163\257\130\203\121\150\146\157\133\371\153\324}{}% 6
\BOOKMARK [2][-]{subsection.2.1}{\376\377\217\220\134\004\163\257\130\203\121\150\146\157}{section.2}% 7
\BOOKMARK [2][-]{subsection.2.2}{\376\377\160\355\163\257\130\203\133\371\153\324}{section.2}% 8
\BOOKMARK [2][-]{subsection.2.3}{\376\377\000v\123\321\134\004\142\020\147\054\133\371\153\324}{section.2}% 9
\BOOKMARK [2][-]{subsection.2.4}{\376\377\220\032\117\341\136\366\217\337\121\150\146\157}{section.2}% 10
\BOOKMARK [1][-]{section.3}{\376\377\000M\000E\000O\377\010\116\055\127\060\164\003\217\150\220\123\377\011\155\361\136\246\122\006\147\220}{}% 11
\BOOKMARK [2][-]{subsection.3.1}{\376\377\217\220\134\004\163\257\130\203\377\032\000S\000E\000E\000\040\116\073\133\374}{section.3}% 12
\BOOKMARK [2][-]{subsection.3.2}{\376\377\160\355\163\257\130\203\377\032\131\047\136\105\117\030\116\216\000\040\000L\000E\000O}{section.3}% 13
\BOOKMARK [2][-]{subsection.3.3}{\376\377\220\032\117\341\116\016\211\206\166\326}{section.3}% 14
\BOOKMARK [2][-]{subsection.3.4}{\376\377\131\052\172\172\173\227\122\233\220\350\177\162\213\304\117\060}{section.3}% 15
\BOOKMARK [1][-]{section.4}{\376\377\000G\000E\000O\377\010\127\060\164\003\124\014\153\145\217\150\220\123\377\011\155\361\136\246\122\006\147\220}{}% 16
\BOOKMARK [2][-]{subsection.4.1}{\376\377\217\220\134\004\163\257\130\203\377\032\155\367\124\010\127\213\132\001\200\301}{section.4}% 17
\BOOKMARK [2][-]{subsection.4.2}{\376\377\160\355\163\257\130\203\377\032\217\321\116\116\164\006\140\363}{section.4}% 18
\BOOKMARK [2][-]{subsection.4.3}{\376\377\127\050\217\150\176\364\142\244\377\032\000G\000E\000O\000\040\166\204\162\354\162\171\142\030\165\145\117\030\122\277}{section.4}% 19
\BOOKMARK [2][-]{subsection.4.4}{\376\377\131\052\172\172\173\227\122\233\220\350\177\162\213\304\117\060}{section.4}% 20
\BOOKMARK [1][-]{section.5}{\376\377\000H\000E\000O\377\010\131\047\151\055\127\006\217\150\220\123\377\011\155\361\136\246\122\006\147\220}{}% 21
\BOOKMARK [2][-]{subsection.5.1}{\376\377\217\150\220\123\162\171\137\201}{section.5}% 22
\BOOKMARK [2][-]{subsection.5.2}{\376\377\217\220\134\004\163\257\130\203\377\032\147\000\122\243\217\150\220\123\174\173\127\213}{section.5}% 23
\BOOKMARK [2][-]{subsection.5.3}{\376\377\160\355\163\257\130\203\377\032\131\047\136\105\120\074\160\355\137\252\163\257}{section.5}% 24
\BOOKMARK [2][-]{subsection.5.4}{\376\377\220\032\117\341\136\366\217\337\377\032\147\201\136\246\116\015\172\063\133\232}{section.5}% 25
\BOOKMARK [2][-]{subsection.5.5}{\376\377\131\052\172\172\173\227\122\233\220\350\177\162\213\304\117\060}{section.5}% 26
\BOOKMARK [1][-]{section.6}{\376\377\142\311\150\074\147\027\145\345\160\271\155\361\136\246\122\006\147\220}{}% 27
\BOOKMARK [2][-]{subsection.6.1}{\376\377\127\060\145\345\000\040\000L\0001\000/\000L\0002\377\032\155\361\172\172\173\227\122\233\166\204\123\314\227\142\140\047}{section.6}% 28
\BOOKMARK [3][-]{subsubsection.6.1.1}{\376\377\217\220\134\004\163\257\130\203\377\032\000T\000I\000D\000\040\140\226\213\272\166\204\150\070\137\303}{subsection.6.1}% 29
\BOOKMARK [3][-]{subsubsection.6.1.2}{\376\377\160\355\163\257\130\203\377\032\131\051\161\066\121\267\172\357\116\016\217\336\176\355\145\345\161\147}{subsection.6.1}% 30
\BOOKMARK [3][-]{subsubsection.6.1.3}{\376\377\220\032\117\341\136\366\217\337\377\032\147\000\131\047\116\015\123\357\155\210\226\144\122\243\122\277}{subsection.6.1}% 31
\BOOKMARK [3][-]{subsubsection.6.1.4}{\376\377\131\052\172\172\173\227\122\233\220\350\177\162\213\304\117\060}{subsection.6.1}% 32
\BOOKMARK [2][-]{subsection.6.2}{\376\377\127\060\147\010\000\040\000L\0004\000/\000L\0005\377\032\147\000\172\063\133\232\166\204\155\361\172\172\173\227\122\233\136\163\123\360}{section.6}% 33
\BOOKMARK [3][-]{subsubsection.6.2.1}{\376\377\162\354\162\171\166\204\137\025\122\233\172\063\133\232\140\047}{subsection.6.2}% 34
\BOOKMARK [3][-]{subsubsection.6.2.2}{\376\377\163\257\130\203\123\302\145\160}{subsection.6.2}% 35
\BOOKMARK [3][-]{subsubsection.6.2.3}{\376\377\131\052\172\172\173\227\122\233\220\350\177\162\213\304\117\060}{subsection.6.2}% 36
\BOOKMARK [2][-]{subsection.6.3}{\376\377\127\060\147\010\000\040\000L\0001\000/\000L\0002\377\032\000G\000a\000t\000e\000w\000a\000y\000\040\165\037\140\001\166\204\173\227\122\233\157\134\122\233}{section.6}% 37
\BOOKMARK [1][-]{section.7}{\376\377\176\374\124\010\133\371\153\324\116\016\123\357\210\114\140\047\177\373\217\154\122\006\147\220}{}% 38
\BOOKMARK [2][-]{subsection.7.1}{\376\377\215\350\217\150\220\123\176\374\124\010\142\020\147\054\143\007\145\160\377\010\000M\0005\000\040\152\041\127\213\377\011}{section.7}% 39
\BOOKMARK [2][-]{subsection.7.2}{\376\377\217\220\134\004\132\001\200\301\143\222\136\217\377\032\000T\000I\000D\000\040\000v\000s\000\040\000S\000E\000E}{section.7}% 40
\BOOKMARK [2][-]{subsection.7.3}{\376\377\000T\000I\000D\000\040\140\226\213\272\155\361\136\246\122\006\147\220}{section.7}% 41
\BOOKMARK [2][-]{subsection.7.4}{\376\377\000S\000E\000E\000\040\226\062\142\244\137\000\225\000\221\317\123\026}{section.7}% 42
\BOOKMARK [2][-]{subsection.7.5}{\376\377\000"\141\142\153\173\000\040\000v\000s\000\040\163\035\153\173\000"\122\044\145\255}{section.7}% 43
\BOOKMARK [2][-]{subsection.7.6}{\376\377\123\357\210\114\140\047\177\373\217\154\226\010\120\074\167\351\226\065}{section.7}% 44
\BOOKMARK [2][-]{subsection.7.7}{\376\377\0001\000\040\000M\000W\000\040\145\143\160\355\116\016\121\111\117\017\227\142\171\357\227\000\154\102}{section.7}% 45
\BOOKMARK [1][-]{section.8}{\376\377\176\323\213\272\116\016\157\024\217\333\215\357\137\204}{}% 46
\BOOKMARK [2][-]{subsection.8.1}{\376\377\116\073\211\201\176\323\213\272}{section.8}% 47
\BOOKMARK [3][-]{subsubsection.8.1.1}{\376\377\0001\000.\000\040\000L\000E\000O\000\040\136\166\227\136\131\052\172\172\173\227\122\233\166\204\147\000\117\030\217\150\220\123}{subsection.8.1}% 48
\BOOKMARK [3][-]{subsubsection.8.1.2}{\376\377\0002\000.\000\040\000T\000I\000D\000\040\140\226\213\272\377\032\155\361\172\172\217\220\134\004\143\021\142\030\166\204\147\054\215\050\146\057\000\040\000S\000E\000E}{subsection.8.1}% 49
\BOOKMARK [3][-]{subsubsection.8.1.3}{\376\377\0003\000.\000\040\000M\000E\000O\000\040\124\214\000\040\000H\000E\000O\000\040\116\015\143\250\203\120\220\350\177\162\131\052\172\172\173\227\122\233}{subsection.8.1}% 50
\BOOKMARK [3][-]{subsubsection.8.1.4}{\376\377\0004\000.\000\040\220\032\117\341\136\366\217\337\146\057\116\015\123\357\155\210\226\144\166\204\170\154\176\246\147\137}{subsection.8.1}% 51
\BOOKMARK [2][-]{subsection.8.2}{\376\377\227\136\000\040\000L\000E\000O\000\040\131\052\172\172\173\227\122\233\117\030\121\110\176\247\143\222\136\217}{section.8}% 52
\BOOKMARK [2][-]{subsection.8.3}{\376\377\157\024\217\333\145\366\225\364\176\277}{section.8}% 53
\BOOKMARK [2][-]{subsection.8.4}{\376\377\121\163\225\056\121\110\210\114\116\213\116\366}{section.8}% 54
\BOOKMARK [2][-]{subsection.8.5}{\376\377\147\000\176\310\122\044\145\255}{section.8}% 55
\BOOKMARK [1][-]{subsection.8.5}{\376\377\123\302\200\003\145\207\163\056}{}% 56
