\BOOKMARK [1][-]{section.1}{\376\377\170\024\172\166\200\314\146\157}{}% 1
\BOOKMARK [2][-]{subsection.1.1}{\376\377\131\052\172\172\173\227\122\233\377\032\116\000\127\072\165\061\116\044\117\115\171\321\142\200\230\206\210\226\137\025\123\321\166\204\121\150\164\003\217\251\213\272}{section.1}% 2
\BOOKMARK [3][-]{subsubsection.1.1.1}{\376\377\232\154\145\257\121\113\377\032\116\316\145\207\146\016\134\072\136\246\213\272\217\360\131\052\172\172\000A\000I\166\204\137\305\161\066\140\047}{subsection.1.1}% 3
\BOOKMARK [3][-]{subsubsection.1.1.2}{\376\377\236\304\116\301\122\313\377\032\116\316\170\154\116\366\135\345\172\013\211\306\211\322\166\204\122\241\133\236\117\335\165\131}{subsection.1.1}% 4
\BOOKMARK [2][-]{subsection.1.2}{\376\377\150\070\137\303\122\006\153\147\166\204\147\054\215\050}{section.1}% 5
\BOOKMARK [2][-]{subsection.1.3}{\376\377\170\024\172\166\203\003\126\364\116\016\145\271\154\325}{section.1}% 6
\BOOKMARK [1][-]{section.2}{\376\377\123\314\145\271\212\000\213\272\213\346\176\306\133\371\153\324\377\032\000P\000h\000a\000s\000e\000\040\0001\214\003\170\024\142\020\147\234}{}% 7
\BOOKMARK [2][-]{subsection.2.1}{\376\377\232\154\145\257\121\113\123\321\212\000\176\374\217\360\377\010\0007\147\141\116\000\142\113\147\145\156\220\377\011}{section.2}% 8
\BOOKMARK [2][-]{subsection.2.2}{\376\377\236\304\116\301\122\313\123\321\212\000\176\374\217\360\377\010\0005\147\141\116\000\142\113\147\145\156\220\377\011}{section.2}% 9
\BOOKMARK [2][-]{subsection.2.3}{\376\377\116\044\116\272\172\313\127\072\166\204\116\244\123\311\232\214\213\301}{section.2}% 10
\BOOKMARK [1][-]{section.3}{\376\377\171\321\133\146\122\006\147\220\377\032\131\052\172\172\145\143\160\355\116\016\160\355\163\257\130\203}{}% 11
\BOOKMARK [2][-]{subsection.3.1}{\376\377\000Q\0001\377\032\167\037\172\172\217\220\134\004\145\143\160\355\166\204\162\151\164\006\147\201\226\120}{section.3}% 12
\BOOKMARK [3][-]{subsubsection.3.1.1}{\376\377\145\257\162\171\205\351\000-\163\273\134\024\121\171\146\374\133\232\137\213\127\372\170\100}{subsection.3.1}% 13
\BOOKMARK [3][-]{subsubsection.3.1.2}{\376\377\123\314\227\142\217\220\134\004\116\016\000A\000I\0001\000\040\0001\000,\0004\0000\0000\000\040\000W\000/\000m\0002\000\040\232\214\213\301}{subsection.3.1}% 14
\BOOKMARK [3][-]{subsubsection.3.1.3}{\376\377\0001\000\040\000G\000W\217\150\220\123\145\160\143\156\116\055\137\303\142\100\227\000\145\143\160\355\227\142\171\357}{subsection.3.1}% 15
\BOOKMARK [2][-]{subsection.3.2}{\376\377\000Q\0002\377\032\131\052\172\172\000v\000s\127\060\227\142\145\143\160\355\145\110\163\207\133\232\221\317\133\371\153\324}{section.3}% 16
\BOOKMARK [3][-]{subsubsection.3.2.1}{\376\377\000P\000U\000E\133\371\153\324\377\032\131\052\172\172\166\204\133\236\226\105\117\030\122\277}{subsection.3.2}% 17
\BOOKMARK [3][-]{subsubsection.3.2.2}{\376\377\145\143\160\355\133\306\136\246\133\371\153\324\377\032\131\052\172\172\166\204\131\051\161\066\122\243\122\277}{subsection.3.2}% 18
\BOOKMARK [3][-]{subsubsection.3.2.3}{\376\377\236\304\116\301\122\313\000"\0009\0007\000.\0005\000\045\221\315\221\317\146\057\121\267\123\164\174\373\176\337\000"\213\364\154\325\166\204\221\317\123\026\232\214\213\301}{subsection.3.2}% 19
\BOOKMARK [2][-]{subsection.3.3}{\376\377\000Q\0003\377\032\217\150\220\123\160\355\163\257\130\203\166\204\167\037\133\236\131\015\147\102\140\047}{section.3}% 20
\BOOKMARK [3][-]{subsubsection.3.3.1}{\376\377\000L\000E\000O\160\355\163\257\130\203\121\150\146\157\123\302\145\160}{subsection.3.3}% 21
\BOOKMARK [3][-]{subsubsection.3.3.2}{\376\377\145\143\160\355\126\150\145\110\163\207\210\160\121\317\221\317\123\026}{subsection.3.3}% 22
\BOOKMARK [3][-]{subsubsection.3.3.3}{\376\377\000k\000n\000i\000f\000e\000-\000e\000d\000g\000e\000-\000t\000o\000-\000s\000u\000n\133\232\124\021\147\011\145\110\140\047}{subsection.3.3}% 23
\BOOKMARK [1][-]{section.4}{\376\377\135\345\172\013\122\006\147\220\377\032\123\321\134\004\060\001\117\233\165\065\116\016\123\357\227\140\140\047}{}% 24
\BOOKMARK [2][-]{subsection.4.1}{\376\377\000Q\0004\377\032\123\321\134\004\142\020\147\054\116\016\217\150\220\123\173\227\122\233\220\350\177\162\166\204\176\317\155\116\225\350\151\333}{section.4}% 25
\BOOKMARK [3][-]{subsubsection.4.1.1}{\376\377\123\321\134\004\142\020\147\054\166\204\123\206\123\362\217\150\217\371\116\016\000S\000t\000a\000r\000s\000h\000i\000p\122\115\146\157}{subsection.4.1}% 26
\BOOKMARK [3][-]{subsubsection.4.1.2}{\376\377\220\350\177\162\0001\000\040\000M\000W\217\150\220\123\173\227\122\233\166\204\123\321\134\004\142\020\147\054}{subsection.4.1}% 27
\BOOKMARK [3][-]{subsubsection.4.1.3}{\376\377\232\154\145\257\121\113\000"\0003\0000\0000\040\023\0005\0000\0000\000\040\000G\000W\000/\136\164\217\320\122\233\000"\166\204\162\151\164\006\123\357\210\114\140\047\232\214\213\301}{subsection.4.1}% 28
\BOOKMARK [2][-]{subsection.4.2}{\376\377\000Q\0005\377\032\217\150\220\123\131\052\226\063\200\375\117\233\165\065\166\204\133\236\226\105\123\357\165\050\122\237\163\207}{section.4}% 29
\BOOKMARK [3][-]{subsubsection.4.2.1}{\376\377\121\163\225\056\123\302\145\160\116\016\213\241\173\227}{subsection.4.2}% 30
\BOOKMARK [3][-]{subsubsection.4.2.2}{\376\377\217\150\220\123\000v\000s\127\060\227\142\121\111\117\017\133\371\153\324}{subsection.4.2}% 31
\BOOKMARK [2][-]{subsection.4.3}{\376\377\000Q\0006\377\032\127\050\217\150\176\364\142\244\123\357\210\114\140\047\116\016\170\154\116\366\123\357\227\140\140\047}{section.4}% 32
\BOOKMARK [3][-]{subsubsection.4.3.1}{\376\377\202\052\131\051\126\150\165\065\133\120\213\276\131\007\217\220\134\004\145\105\226\234\147\072\122\066}{subsection.4.3}% 33
\BOOKMARK [3][-]{subsubsection.4.3.2}{\376\377\000N\000V\000I\000D\000I\000A\000\040\000R\000u\000b\000i\000n\000\040\000S\000p\000a\000c\000e\000-\0001\124\214\155\210\215\071\176\247\000G\000P\000U\166\204\217\150\220\123\220\002\165\050\140\047}{subsection.4.3}% 34
\BOOKMARK [3][-]{subsubsection.4.3.3}{\376\377\127\060\227\142\000v\000s\217\150\220\123\145\105\226\234\163\207\133\371\153\324}{subsection.4.3}% 35
\BOOKMARK [3][-]{subsubsection.4.3.4}{\376\377\127\050\217\150\176\364\117\356\123\357\210\114\140\047}{subsection.4.3}% 36
\BOOKMARK [1][-]{section.5}{\376\377\125\106\116\032\122\006\147\220\116\016\217\321\147\052\147\145\134\125\147\033}{}% 37
\BOOKMARK [2][-]{subsection.5.1}{\376\377\000Q\0007\377\032\217\150\220\123\000v\000s\127\060\227\142\145\160\143\156\116\055\137\303\000T\000C\000O\121\150\165\037\124\175\124\150\147\037\133\371\153\324}{section.5}% 38
\BOOKMARK [3][-]{subsubsection.5.1.1}{\376\377\127\060\227\142\145\160\143\156\116\055\137\303\000T\000C\000O\127\372\176\277}{subsection.5.1}% 39
\BOOKMARK [3][-]{subsubsection.5.1.2}{\376\377\217\150\220\123\145\160\143\156\116\055\137\303\000T\000C\000O\040\024\040\024\131\032\140\305\146\157\133\371\153\324}{subsection.5.1}% 40
\BOOKMARK [3][-]{subsubsection.5.1.3}{\376\377\232\154\145\257\121\113\000"\0005\136\164\121\205\146\364\117\277\133\234\000"\166\204\145\117\141\037\140\047\122\006\147\220}{subsection.5.1}% 41
\BOOKMARK [2][-]{subsection.5.2}{\376\377\000Q\0008\377\032\000G\000P\000U\000/\000A\000S\000I\000C\200\375\145\110\166\204\123\206\123\362\157\024\217\333\116\016\217\321\147\052\147\145\131\026\143\250}{section.5}% 42
\BOOKMARK [3][-]{subsubsection.5.2.1}{\376\377\000N\000V\000I\000D\000I\000A\000\040\000G\000P\000U\147\266\147\204\000T\000F\000L\000O\000P\000S\000/\000W\123\206\123\362\146\362\176\277}{subsection.5.2}% 43
\BOOKMARK [3][-]{subsubsection.5.2.2}{\376\377\0002\0000\0003\0000\136\164\000G\000P\000U\200\375\145\110\143\250\173\227\116\016\160\355\133\306\136\246\137\161\124\315}{subsection.5.2}% 44
\BOOKMARK [2][-]{subsection.5.3}{\376\377\000Q\0009\377\032\123\321\134\004\142\020\147\054\166\204\123\206\123\362\116\013\226\115\146\362\176\277\116\016\217\321\147\052\147\145\131\026\143\250}{section.5}% 45
\BOOKMARK [3][-]{subsubsection.5.3.1}{\376\377\000W\000r\000i\000g\000h\000t\000'\000s\000\040\000L\000a\000w\220\002\165\050\140\047}{subsection.5.3}% 46
\BOOKMARK [3][-]{subsubsection.5.3.2}{\376\377\0002\0000\0003\0000\136\164\137\071\140\047\230\204\117\060}{subsection.5.3}% 47
\BOOKMARK [2][-]{subsection.5.4}{\376\377\000Q\0001\0000\377\032\116\013\116\000\116\343\145\143\160\355\147\120\145\231\116\016\176\323\147\204\213\276\213\241\133\371\217\220\134\004\145\143\160\355\147\201\226\120\166\204\172\201\170\064\157\134\122\233}{section.5}% 48
\BOOKMARK [3][-]{subsubsection.5.4.1}{\376\377\121\163\225\056\142\200\147\057\215\357\176\277\126\376}{subsection.5.4}% 49
\BOOKMARK [3][-]{subsubsection.5.4.2}{\376\377\145\143\160\355\133\306\136\246\131\051\202\261\147\177\172\201\170\064\143\250\157\024}{subsection.5.4}% 50
\BOOKMARK [2][-]{subsection.5.5}{\376\377\000Q\0001\0001\377\032\000"\227\131\140\001\116\312\131\051\000"\000v\000s\000"\217\321\147\052\147\145\131\026\143\250\000"\133\371\153\324\121\103\122\006\147\220}{section.5}% 51
\BOOKMARK [3][-]{subsubsection.5.5.1}{\376\377\176\323\213\272\133\371\153\324\210\150}{subsection.5.5}% 52
\BOOKMARK [3][-]{subsubsection.5.5.2}{\376\377\121\163\225\056\226\010\120\074\167\351\226\065\377\032\177\373\217\154\147\141\116\366\176\304\124\010}{subsection.5.5}% 53
\BOOKMARK [3][-]{subsubsection.5.5.3}{\376\377\236\304\116\301\122\313\000v\000s\232\154\145\257\121\113\122\044\145\255\166\204\162\354\172\313\150\300\232\214}{subsection.5.5}% 54
\BOOKMARK [1][-]{section.6}{\376\377\176\374\124\010\176\323\213\272}{}% 55
\BOOKMARK [2][-]{subsection.6.1}{\376\377\150\070\137\303\122\044\145\255\377\032\116\011\134\102\227\142\176\374\124\010\213\304\117\060}{section.6}% 56
\BOOKMARK [2][-]{subsection.6.2}{\376\377\121\163\225\056\123\321\163\260\140\073\176\323}{section.6}% 57
\BOOKMARK [2][-]{subsection.6.3}{\376\377\133\371\236\304\116\301\122\313\000v\000s\232\154\145\257\121\113\122\006\153\147\166\204\147\000\176\310\170\024\122\044}{section.6}% 58
\BOOKMARK [2][-]{subsection.6.4}{\376\377\147\000\123\357\200\375\166\204\157\024\217\333\215\357\137\204}{section.6}% 59
\BOOKMARK [2][-]{subsection.6.5}{\376\377\145\271\154\325\213\272\130\360\146\016}{section.6}% 60
