\BOOKMARK [1][-]{Doc-Start}{\376\377\142\147\210\114\144\130\211\201}{}% 1
\BOOKMARK [1][-]{section.1}{\376\377\200\314\146\157\116\016\170\024\172\166\133\371\214\141}{}% 2
\BOOKMARK [2][-]{subsection.1.1}{\376\377\116\300\116\110\146\057\131\052\172\172\173\227\122\233}{section.1}% 3
\BOOKMARK [2][-]{subsection.1.2}{\376\377\116\072\116\300\116\110\131\052\172\172\173\227\122\233\210\253\143\320\121\372}{section.1}% 4
\BOOKMARK [2][-]{subsection.1.3}{\376\377\121\163\225\056\123\302\116\016\145\271}{section.1}% 5
\BOOKMARK [3][-]{subsubsection.1.3.1}{\376\377\000S\000p\000a\000c\000e\000X\000\040\116\016\127\303\226\206\000\267\232\154\145\257\121\113}{subsection.1.3}% 6
\BOOKMARK [3][-]{subsubsection.1.3.2}{\376\377\000N\000V\000I\000D\000I\000A\000\040\116\016\236\304\116\301\122\313}{subsection.1.3}% 7
\BOOKMARK [3][-]{subsubsection.1.3.3}{\376\377\121\166\116\326\166\370\121\163\145\271}{subsection.1.3}% 8
\BOOKMARK [2][-]{subsection.1.4}{\376\377\121\163\225\056\116\213\116\366\145\366\225\364\176\277}{section.1}% 9
\BOOKMARK [2][-]{subsection.1.5}{\376\377\147\054\142\245\124\112\166\204\170\024\172\166\203\003\126\364}{section.1}% 10
\BOOKMARK [3][-]{subsubsection.1.5.1}{\376\377\170\024\172\166\116\300\116\110}{subsection.1.5}% 11
\BOOKMARK [3][-]{subsubsection.1.5.2}{\376\377\116\015\170\024\172\166\116\300\116\110}{subsection.1.5}% 12
\BOOKMARK [1][-]{section.2}{\376\377\122\006\147\220\145\271\154\325\116\016\153\324\217\203\127\372\176\277}{}% 13
\BOOKMARK [2][-]{subsection.2.1}{\376\377\116\011\134\102\220\022\217\333\122\006\147\220\150\106\147\266}{section.2}% 14
\BOOKMARK [2][-]{subsection.2.2}{\376\377\116\224\131\047\176\337\116\000\123\343\137\204\133\232\116\111}{section.2}% 15
\BOOKMARK [3][-]{subsubsection.2.2.1}{\376\377\122\237\163\207\123\343\137\204}{subsection.2.2}% 16
\BOOKMARK [3][-]{subsubsection.2.2.2}{\376\377\122\237\163\207\123\343\137\204\155\361\134\102\213\364\146\016\377\032\116\072\117\125\117\335\165\131\0001\0005\0000\000k\000W\133\230\145\271\123\343\137\204}{subsection.2.2}% 17
\BOOKMARK [3][-]{subsubsection.2.2.3}{\376\377\145\366\225\364\172\227\123\343\137\204}{subsection.2.2}% 18
\BOOKMARK [3][-]{subsubsection.2.2.4}{\376\377\147\266\147\204\116\343\226\105\123\343\137\204}{subsection.2.2}% 19
\BOOKMARK [3][-]{subsubsection.2.2.5}{\376\377\142\020\147\054\217\271\165\114\123\343\137\204}{subsection.2.2}% 20
\BOOKMARK [3][-]{subsubsection.2.2.6}{\376\377\123\321\134\004\123\125\116\367\123\343\137\204}{subsection.2.2}% 21
\BOOKMARK [2][-]{subsection.2.3}{\376\377\123\343\137\204\133\371\237\120\167\351\226\065\377\010\173\200\162\110\377\011}{section.2}% 22
\BOOKMARK [2][-]{subsection.2.4}{\376\377\123\343\137\204\135\356\137\002\116\072\117\125\221\315\211\201}{section.2}% 23
\BOOKMARK [2][-]{subsection.2.5}{\376\377\145\271\154\325\213\272\130\360\146\016\377\032\173\054\116\000\140\047\123\237\164\006\201\352\136\225\124\021\116\012\232\214\213\301}{section.2}% 24
\BOOKMARK [1][-]{section.3}{\376\377\116\000\142\113\212\000\213\272\116\016\122\006\153\147\165\114\133\232}{}% 25
\BOOKMARK [2][-]{subsection.3.1}{\376\377\232\154\145\257\121\113\212\000\213\272\154\107\140\073\377\010\0007\147\141\116\000\142\113\147\145\156\220\377\011}{section.3}% 26
\BOOKMARK [2][-]{subsection.3.2}{\376\377\236\304\116\301\122\313\212\000\213\272\154\107\140\073\377\010\0005\147\141\116\000\142\113\147\145\156\220\377\011}{section.3}% 27
\BOOKMARK [2][-]{subsection.3.3}{\376\377\122\006\153\147\165\114\133\232}{section.3}% 28
\BOOKMARK [3][-]{subsubsection.3.3.1}{\376\377\116\015\146\057\000"\214\001\133\371\214\001\225\031\000"\377\014\200\014\146\057\000"\214\001\117\235\215\126\116\300\116\110\120\107\213\276\000"}{subsection.3.3}% 29
\BOOKMARK [3][-]{subsubsection.3.3.2}{\376\377\116\044\116\272\124\004\201\352\117\235\215\126\166\204\150\070\137\303\120\107\213\276}{subsection.3.3}% 30
\BOOKMARK [3][-]{subsubsection.3.3.3}{\376\377\122\006\153\147\166\204\117\115\177\156\377\032\116\015\146\057\162\151\164\006\133\232\137\213\166\204\122\006\153\147\377\014\200\014\146\057\123\302\145\160\145\071\125\204\220\037\163\207\166\204\122\044\145\255\122\006\153\147}{subsection.3.3}% 31
\BOOKMARK [2][-]{subsection.3.4}{\376\377\116\316\122\006\153\147\122\060\122\006\147\220\377\032\172\340\202\202\215\357\165\061}{section.3}% 32
\BOOKMARK [1][-]{section.4}{\376\377\171\321\133\146\123\357\210\114\140\047\377\032\145\143\160\355\162\151\164\006\116\016\217\150\220\123\160\355\163\257\130\203}{}% 33
\BOOKMARK [2][-]{subsection.4.1}{\376\377\145\257\162\171\205\351\000-\163\273\134\024\121\171\146\374\133\232\137\213\116\016\000\040\000A\000I\0001\000\040\145\143\160\355\135\345\117\134\160\271}{section.4}% 34
\BOOKMARK [3][-]{subsubsection.4.1.1}{\376\377\127\372\147\054\162\151\164\006\176\246\147\137}{subsection.4.1}% 35
\BOOKMARK [3][-]{subsubsection.4.1.2}{\376\377\000A\000I\0001\000\040\135\345\117\134\160\271\166\204\162\151\164\006\232\214\213\301}{subsection.4.1}% 36
\BOOKMARK [2][-]{subsection.4.2}{\376\377\145\143\160\355\227\142\171\357\177\051\145\076\116\016\000\040\0001\000G\000W\000\040\176\247\122\053\124\053\116\111}{section.4}% 37
\BOOKMARK [3][-]{subsubsection.4.2.1}{\376\377\116\316\123\125\146\037\122\060\174\373\176\337\166\204\145\143\160\355\227\142\171\357\177\051\145\076}{subsection.4.2}% 38
\BOOKMARK [2][-]{subsection.4.3}{\376\377\000L\000E\000O\000\040\167\037\133\236\160\355\163\257\130\203\176\246\147\137}{section.4}% 39
\BOOKMARK [3][-]{subsubsection.4.3.1}{\376\377\163\257\130\203\160\355\156\220}{subsection.4.3}% 40
\BOOKMARK [3][-]{subsubsection.4.3.2}{\376\377\217\150\220\123\146\074\131\034\137\252\163\257\116\016\120\250\200\375\176\246\147\137}{subsection.4.3}% 41
\BOOKMARK [3][-]{subsubsection.4.3.3}{\376\377\166\370\123\330\147\120\145\231\377\010\000P\000C\000M\377\011\166\204\226\120\122\066}{subsection.4.3}% 42
\BOOKMARK [3][-]{subsubsection.4.3.4}{\376\377\000S\000-\000B\164\006\140\363\120\074\166\204\135\345\172\013\154\350\213\260\040\024\040\024\000L\000E\000O\163\257\130\203\160\355\156\220\133\371\145\143\160\355\213\276\213\241\166\204\137\161\124\315}{subsection.4.3}% 43
\BOOKMARK [2][-]{subsection.4.4}{\376\377\145\143\160\355\133\306\136\246\217\271\165\114\116\016\134\125\147\033}{section.4}% 44
\BOOKMARK [3][-]{subsubsection.4.4.1}{\376\377\137\123\122\115\123\357\210\114\116\012\226\120}{subsection.4.4}% 45
\BOOKMARK [3][-]{subsubsection.4.4.2}{\376\377\177\373\120\015\377\010\0002\000,\0008\0000\0000\000+\000\040\000W\000/\000m\0002\377\011\127\050\000\040\0002\0000\0003\0005\000\040\136\164\122\115\116\015\123\357\210\114}{subsection.4.4}% 46
\BOOKMARK [3][-]{subsubsection.4.4.3}{\376\377\176\304\124\010\215\357\137\204\123\357\133\236\163\260\000\040\0004\0000\040\023\0005\0000\000\045\000\040\166\204\145\071\125\204}{subsection.4.4}% 47
\BOOKMARK [2][-]{subsection.4.5}{\376\377\171\321\133\146\123\357\210\114\140\047\166\204\147\000\176\310\122\044\145\255}{section.4}% 48
\BOOKMARK [1][-]{section.5}{\376\377\135\345\172\013\123\357\210\114\140\047\377\032\215\050\221\317\060\001\165\065\156\220\060\001\133\377\124\175\116\016\217\320\122\233}{}% 49
\BOOKMARK [2][-]{subsection.5.1}{\376\377\213\241\173\227\217\175\203\167\215\050\221\317\377\032\116\316\000\040\000k\000W\000/\000t\000\040\123\315\143\250\122\060\000\040\000b\000o\000t\000t\000o\000m\000-\000u\000p\000\040\170\154\116\366\225\032\160\271}{section.5}% 50
\BOOKMARK [3][-]{subsubsection.5.1.1}{\376\377\231\226\121\110\130\360\146\016\377\032\000"\123\103\164\346\153\317\124\050\000"\123\315\143\250\154\325\135\362\154\070\116\105\136\237\137\003}{subsection.5.1}% 51
\BOOKMARK [3][-]{subsubsection.5.1.2}{\376\377\213\241\173\227\145\271\154\325\377\032\127\060\227\142\170\154\116\366\225\032\160\271\000\040\000+\000\040\116\011\230\171\172\172\225\364\123\026\130\236\221\317}{subsection.5.1}% 52
\BOOKMARK [3][-]{subsubsection.5.1.3}{\376\377\116\011\230\171\130\236\221\317\377\032\135\362\123\005\124\053\000/\147\052\123\005\124\053\230\171\156\005\123\125}{subsection.5.1}% 53
\BOOKMARK [2][-]{subsection.5.2}{\376\377\165\065\156\220\174\373\176\337\215\357\176\277\133\371\161\147}{section.5}% 54
\BOOKMARK [3][-]{subsubsection.5.2.1}{\376\377\000G\000a\000A\000s\000\040\116\073\224\376\165\065\156\220\174\373\176\337}{subsection.5.2}% 55
\BOOKMARK [3][-]{subsubsection.5.2.2}{\376\377\000H\000J\000T\000\040\136\166\210\114\215\357\176\277\165\065\156\220\174\373\176\337}{subsection.5.2}% 56
\BOOKMARK [3][-]{subsubsection.5.2.3}{\376\377\000G\000a\000A\000s\000\040\000v\000s\000\040\000H\000J\000T\000\040\133\371\153\324\116\016\000\040\0007\0000\000m\000\040\177\374\134\125\176\246\147\137\122\006\147\220}{subsection.5.2}% 57
\BOOKMARK [3][-]{subsubsection.5.2.4}{\376\377\000H\000J\000T\000\040\165\050\116\216\000\040\0001\0000\000\040\136\164\172\172\225\364\213\276\213\241\166\204\147\120\145\231\133\146\210\145\121\105\213\364\146\016}{subsection.5.2}% 58
\BOOKMARK [3][-]{subsubsection.5.2.5}{\376\377\165\065\154\140\116\011\122\006\145\057}{subsection.5.2}% 59
\BOOKMARK [3][-]{subsubsection.5.2.6}{\376\377\165\065\156\220\174\373\176\337\140\073\176\323}{subsection.5.2}% 60
\BOOKMARK [3][-]{subsubsection.5.2.7}{\376\377\122\237\163\207\123\343\137\204\157\204\156\005\377\032\0001\0002\0000\000\040\000k\000W\143\001\176\355\000\040\000v\000s\000\040\0001\0005\0000\000\040\000k\000W\134\360\120\074}{subsection.5.2}% 61
\BOOKMARK [3][-]{subsubsection.5.2.8}{\376\377\213\357\213\373\150\041\232\214\377\032\202\345\0001\0005\0000\000k\000W\210\253\213\357\211\343\116\072\226\065\122\027\134\360\120\074}{subsection.5.2}% 62
\BOOKMARK [2][-]{subsection.5.3}{\376\377\145\164\146\037\215\050\221\317\142\306\211\343\377\010\0001\0000\136\164\000-\000G\000a\000A\000s\000\040\127\372\121\306\377\011}{section.5}% 63
\BOOKMARK [2][-]{subsection.5.4}{\376\377\127\050\217\150\133\377\124\175\060\001\145\105\226\234\163\207\116\016\176\364\117\356\116\015\123\357\210\114\140\047}{section.5}% 64
\BOOKMARK [3][-]{subsubsection.5.4.1}{\376\377\0005\000\040\136\164\000\040\000v\000s\000\040\0001\0000\000\040\136\164\377\032\133\377\124\175\133\371\140\073\142\020\147\054\166\204\147\140\147\106\145\110\136\224}{subsection.5.4}% 65
\BOOKMARK [3][-]{subsubsection.5.4.2}{\376\377\217\150\220\123\000\040\000G\000P\000U\000\040\145\105\226\234\163\207\117\060\213\241}{subsection.5.4}% 66
\BOOKMARK [3][-]{subsubsection.5.4.3}{\376\377\127\050\217\150\176\364\117\356\166\204\116\015\123\357\210\114\140\047}{subsection.5.4}% 67
\BOOKMARK [2][-]{subsection.5.5}{\376\377\123\321\134\004\217\320\122\233\163\260\133\236\150\300\232\214}{section.5}% 68
\BOOKMARK [3][-]{subsubsection.5.5.1}{\376\377\123\125\146\037\215\050\221\317\133\371\136\224\166\204\210\305\217\175\145\160}{subsection.5.5}% 69
\BOOKMARK [3][-]{subsubsection.5.5.2}{\376\377\232\154\145\257\121\113\000"\0003\0000\0000\040\023\0005\0000\0000\000G\000W\000/\136\164\000"\130\360\146\016\166\204\133\232\221\317\150\300\232\214}{subsection.5.5}% 70
\BOOKMARK [2][-]{subsection.5.6}{\376\377\135\345\172\013\123\357\210\114\140\047\166\204\147\000\176\310\122\044\145\255}{section.5}% 71
\BOOKMARK [1][-]{section.6}{\376\377\125\106\116\032\123\357\210\114\140\047\377\032\116\011\122\006\145\057\000\040\000T\000C\000O\000\040\116\016\127\072\146\157\122\006\134\102}{}% 72
\BOOKMARK [2][-]{subsection.6.1}{\376\377\153\324\217\203\127\372\176\277\377\032\147\054\142\245\124\112\166\204\176\337\116\000\142\020\147\054\152\041\127\213}{section.6}% 73
\BOOKMARK [3][-]{subsubsection.6.1.1}{\376\377\140\073\142\020\147\054\121\154\137\017}{subsection.6.1}% 74
\BOOKMARK [3][-]{subsubsection.6.1.2}{\376\377\176\337\116\000\120\107\213\276}{subsection.6.1}% 75
\BOOKMARK [2][-]{subsection.6.2}{\376\377\0001\0000\136\164\000-\000G\000a\000A\000s\000\040\116\073\224\376\377\032\133\214\145\164\000\040\000T\000C\000O\000\040\142\306\211\343}{section.6}% 76
\BOOKMARK [2][-]{subsection.6.3}{\376\377\133\371\161\147\122\006\145\057\133\371\153\324}{section.6}% 77
\BOOKMARK [3][-]{subsubsection.6.3.1}{\376\377\0005\136\164\000-\000G\000a\000A\000s\377\032\133\377\124\175\177\051\167\355\166\204\116\343\116\367}{subsection.6.3}% 78
\BOOKMARK [3][-]{subsubsection.6.3.2}{\376\377\0005\136\164\000-\000H\000J\000T\377\032\136\166\210\114\215\357\176\277\166\204\142\020\147\054\176\246\147\137}{subsection.6.3}% 79
\BOOKMARK [2][-]{subsection.6.4}{\376\377\116\011\122\006\145\057\000\040\000T\000C\000O\000\040\140\073\211\310\116\016\143\222\136\217}{section.6}% 80
\BOOKMARK [2][-]{subsection.6.5}{\376\377\123\343\137\204\135\356\137\002\166\204\221\317\123\026\137\161\124\315\377\032\123\321\134\004\123\125\116\367\145\117\141\037\140\047}{section.6}% 81
\BOOKMARK [2][-]{subsection.6.6}{\376\377\177\373\217\154\147\141\116\366\122\006\147\220\377\032\124\352\116\233\123\302\145\160\176\304\124\010\117\032\145\071\123\330\176\323\213\272\145\271\124\021}{section.6}% 82
\BOOKMARK [2][-]{subsection.6.7}{\376\377\213\255\176\303\116\016\143\250\164\006\166\204\125\106\116\032\122\006\123\026}{section.6}% 83
\BOOKMARK [3][-]{subsubsection.6.7.1}{\376\377\213\255\176\303\127\072\146\157\377\032\217\150\220\123\173\227\122\233\172\336\116\211\122\233\146\364\137\061}{subsection.6.7}% 84
\BOOKMARK [3][-]{subsubsection.6.7.2}{\376\377\143\250\164\006\127\072\146\157\377\032\121\150\164\003\117\116\136\366\217\337\147\011\166\370\133\371\117\030\122\277\377\014\117\106\211\304\152\041\147\011\226\120}{subsection.6.7}% 85
\BOOKMARK [3][-]{subsubsection.6.7.3}{\376\377\213\255\176\303\000/\143\250\164\006\122\006\123\026\166\204\133\232\140\047\145\271\124\021\133\371\153\324}{subsection.6.7}% 86
\BOOKMARK [2][-]{subsection.6.8}{\376\377\000G\000P\000U\145\105\226\234\163\207\166\204\000T\000C\000O\145\117\141\037\140\047\122\006\147\220}{section.6}% 87
\BOOKMARK [3][-]{subsubsection.6.8.1}{\376\377\145\105\226\234\152\041\127\213\116\016\120\107\213\276}{subsection.6.8}% 88
\BOOKMARK [3][-]{subsubsection.6.8.2}{\376\377\145\117\141\037\140\047\213\241\173\227\176\323\147\234}{subsection.6.8}% 89
\BOOKMARK [3][-]{subsubsection.6.8.3}{\376\377\211\343\213\373\116\016\176\323\213\272}{subsection.6.8}% 90
\BOOKMARK [2][-]{subsection.6.9}{\376\377\125\106\116\032\123\357\210\114\140\047\166\204\147\000\176\310\122\044\145\255}{section.6}% 91
\BOOKMARK [1][-]{section.7}{\376\377\176\374\124\010\122\044\145\255}{}% 92
\BOOKMARK [2][-]{subsection.7.1}{\376\377\135\362\167\345\116\213\133\236}{section.7}% 93
\BOOKMARK [2][-]{subsection.7.2}{\376\377\123\357\213\241\173\227\224\376}{section.7}% 94
\BOOKMARK [2][-]{subsection.7.3}{\376\377\137\123\122\115\116\015\123\357\122\044\133\232}{section.7}% 95
\BOOKMARK [2][-]{subsection.7.4}{\376\377\145\366\225\364\176\277\134\125\147\033}{section.7}% 96
\BOOKMARK [2][-]{subsection.7.5}{\376\377\176\323\213\272\166\204\172\063\120\145\140\047\213\364\146\016}{section.7}% 97
\BOOKMARK [2][-]{subsection.7.6}{\376\377\122\006\147\220\172\313\127\072\116\016\145\271\154\325}{section.7}% 98
\BOOKMARK [1][-]{appendix.A}{\376\377\123\343\137\204\133\371\237\120\167\351\226\065}{}% 99
\BOOKMARK [2][-]{subsection.A.1}{\376\377\123\343\137\204\176\364\136\246\213\364\146\016}{appendix.A}% 100
\BOOKMARK [2][-]{subsection.A.2}{\376\377\133\214\145\164\123\343\137\204\133\371\237\120\167\351\226\065}{appendix.A}% 101
\BOOKMARK [2][-]{subsection.A.3}{\376\377\123\343\137\204\135\356\137\002\166\204\133\232\221\317\137\161\124\315}{appendix.A}% 102
\BOOKMARK [2][-]{subsection.A.4}{\376\377\116\015\124\014\127\072\146\157\116\072\117\125\116\015\200\375\166\364\143\245\153\324\217\203}{appendix.A}% 103
\BOOKMARK [2][-]{subsection.A.5}{\376\377\215\350\127\072\146\157\143\142\173\227\123\302\200\003}{appendix.A}% 104
\BOOKMARK [1][-]{appendix.B}{\376\377\121\163\225\056\123\302\145\160\120\074\116\016\116\211\213\256\210\301\121\263}{}% 105
\BOOKMARK [2][-]{subsection.B.1}{\376\377\126\333\150\143\213\301\143\156\117\123\174\373\133\232\116\111}{appendix.B}% 106
\BOOKMARK [2][-]{subsection.B.2}{\376\377\150\070\137\303\116\211\213\256\123\302\145\160\210\301\121\263\210\150}{appendix.B}% 107
\BOOKMARK [2][-]{subsection.B.3}{\376\377\0004\0007\123\302\145\160\122\006\176\247\176\337\213\241\154\107\140\073}{appendix.B}% 108
\BOOKMARK [2][-]{subsection.B.4}{\376\377\143\011\150\143\117\115\122\006\176\304\166\204\133\214\145\164\123\302\145\160\156\005\123\125}{appendix.B}% 109
\BOOKMARK [1][-]{appendix.C}{\376\377\150\070\137\303\213\241\173\227\145\271\154\325\116\016\121\154\137\017}{}% 110
\BOOKMARK [2][-]{subsection.C.1}{\376\377\145\257\162\171\205\351\040\023\163\273\134\024\121\171\146\374\145\143\160\355\143\250\133\374}{appendix.C}% 111
\BOOKMARK [3][-]{subsubsection.C.1.1}{\376\377\127\372\147\054\121\154\137\017}{subsection.C.1}% 112
\BOOKMARK [3][-]{subsubsection.C.1.2}{\376\377\000A\000I\0001\000\040\135\345\117\134\160\271\123\315\143\250}{subsection.C.1}% 113
\BOOKMARK [3][-]{subsubsection.C.1.3}{\376\377\145\143\160\355\227\142\171\357\177\051\145\076}{subsection.C.1}% 114
\BOOKMARK [3][-]{subsubsection.C.1.4}{\376\377\123\302\145\160\145\117\141\037\140\047\122\006\147\220}{subsection.C.1}% 115
\BOOKMARK [3][-]{subsubsection.C.1.5}{\376\377\145\143\160\355\133\306\136\246\217\271\165\114\176\323\213\272}{subsection.C.1}% 116
\BOOKMARK [2][-]{subsection.C.2}{\376\377\217\150\220\123\165\065\156\220\227\142\171\357\116\016\200\375\221\317\230\204\173\227\143\250\133\374}{appendix.C}% 117
\BOOKMARK [3][-]{subsubsection.C.2.1}{\376\377\217\150\220\123\122\233\133\146\127\372\170\100}{subsection.C.2}% 118
\BOOKMARK [3][-]{subsubsection.C.2.2}{\376\377\165\065\154\140\133\271\221\317\227\000\154\102}{subsection.C.2}% 119
\BOOKMARK [3][-]{subsubsection.C.2.3}{\376\377\126\336\121\105\122\237\163\207\116\016\226\065\122\027\227\142\171\357}{subsection.C.2}% 120
\BOOKMARK [3][-]{subsubsection.C.2.4}{\376\377\000P\000C\000D\000U\215\050\221\317}{subsection.C.2}% 121
\BOOKMARK [2][-]{subsection.C.3}{\376\377\000B\000o\000t\000t\000o\000m\000-\000u\000p\000\040\213\241\173\227\217\175\203\167\215\050\221\317\224\376\143\250\133\374}{appendix.C}% 122
\BOOKMARK [3][-]{subsubsection.C.3.1}{\376\377\127\060\227\142\170\154\116\366\127\372\176\277\377\010\116\214\150\143\000/\000A\0001\225\032\160\271\377\011}{subsection.C.3}% 123
\BOOKMARK [3][-]{subsubsection.C.3.2}{\376\377\116\011\230\171\172\172\225\364\123\026\130\236\221\317\142\306\211\343}{subsection.C.3}% 124
\BOOKMARK [1][-]{appendix.D}{\376\377\213\301\143\156\224\376\060\001\137\025\165\050\224\376\116\016\201\032\147\054\215\357\165\061}{}% 125
\BOOKMARK [2][-]{subsection.D.1}{\376\377\116\224\134\102\215\357\165\061\213\364\146\016}{appendix.D}% 126
\BOOKMARK [2][-]{subsection.D.2}{\376\377\121\163\225\056\176\323\213\272\220\037\147\345\215\357\165\061\210\150}{appendix.D}% 127
\BOOKMARK [2][-]{subsection.D.3}{\376\377\000P\000y\000t\000h\000o\000n\000\040\201\032\147\054\121\145\123\343\213\364\146\016}{appendix.D}% 128
\BOOKMARK [3][-]{subsubsection.D.3.1}{\376\377\000s\000t\000a\000g\000e\0002\000\137\000p\000o\000w\000e\000r\000\137\000s\000y\000s\000t\000e\000m\000\137\000m\000o\000d\000e\000l\000.\000p\000y}{subsection.D.3}% 129
\BOOKMARK [3][-]{subsubsection.D.3.2}{\376\377\000s\000t\000a\000g\000e\0002\000\137\000m\000a\000s\000s\000\137\000c\000o\000s\000t\000\137\000m\000o\000d\000e\000l\000.\000p\000y}{subsection.D.3}% 130
\BOOKMARK [2][-]{subsection.D.4}{\376\377\133\214\145\164\137\025\165\050\215\104\145\231\156\005\123\125}{appendix.D}% 131
\BOOKMARK [3][-]{subsubsection.D.4.1}{\376\377\145\143\160\355\162\151\164\006}{subsection.D.4}% 132
\BOOKMARK [3][-]{subsubsection.D.4.2}{\376\377\217\150\220\123\163\257\130\203}{subsection.D.4}% 133
\BOOKMARK [3][-]{subsubsection.D.4.3}{\376\377\123\321\134\004\142\020\147\054}{subsection.D.4}% 134
\BOOKMARK [3][-]{subsubsection.D.4.4}{\376\377\000G\000P\000U\170\154\116\366}{subsection.D.4}% 135
\BOOKMARK [3][-]{subsubsection.D.4.5}{\376\377\165\065\156\220\174\373\176\337}{subsection.D.4}% 136
\BOOKMARK [3][-]{subsubsection.D.4.6}{\376\377\125\106\116\032\000/\176\317\155\116}{subsection.D.4}% 137
\BOOKMARK [3][-]{subsubsection.D.4.7}{\376\377\145\160\143\156\136\223}{subsection.D.4}% 138
\BOOKMARK [1][-]{appendix.E}{\376\377\135\362\136\237\137\003\143\250\133\374\224\376\116\016\123\302\145\160\176\246\147\137}{}% 139
\BOOKMARK [2][-]{subsection.E.1}{\376\377\000k\000W\000/\000t\000\040\123\315\143\250\224\376\136\237\137\003\213\364\146\016}{appendix.E}% 140
\BOOKMARK [3][-]{subsubsection.E.1.1}{\376\377\136\237\137\003\121\205\133\271}{subsection.E.1}% 141
\BOOKMARK [3][-]{subsubsection.E.1.2}{\376\377\116\011\116\052\150\071\126\340}{subsection.E.1}% 142
\BOOKMARK [3][-]{subsubsection.E.1.3}{\376\377\146\377\143\142\215\357\137\204}{subsection.E.1}% 143
\BOOKMARK [2][-]{subsection.E.2}{\376\377\143\250\133\374\215\357\137\204\146\377\143\142\121\163\174\373\210\150}{appendix.E}% 144
\BOOKMARK [2][-]{subsection.E.3}{\376\377\135\362\146\377\116\343\123\302\145\160\116\016\137\123\122\115\123\326\120\074\133\371\161\147}{appendix.E}% 145
\BOOKMARK [2][-]{subsection.E.4}{\376\377\123\302\145\160\126\333\150\143\122\006\176\247\116\016\000\040\000D\000o\000D\000\040\217\271\165\114\176\246\147\137}{appendix.E}% 146
\BOOKMARK [3][-]{subsubsection.E.4.1}{\376\377\123\302\145\160\126\333\150\143\122\006\176\247\176\246\147\137}{subsection.E.4}% 147
\BOOKMARK [3][-]{subsubsection.E.4.2}{\376\377\000D\000o\000D\217\271\165\114\176\246\147\137}{subsection.E.4}% 148
\BOOKMARK [2][-]{subsection.E.5}{\376\377\123\302\145\160\150\143\117\115\211\343\213\373\143\320\171\072}{appendix.E}% 149
\BOOKMARK [2][-]{subsection.E.6}{\376\377\121\163\225\056\123\302\145\160\166\204\176\246\147\137\147\141\116\366}{appendix.E}% 150
