\BOOKMARK [1][-]{section.1}{\376\377\200\314\146\157\377\032\116\000\127\072\121\163\116\216\173\227\122\233\116\016\145\207\146\016\166\204\116\211\213\272}{}% 1
\BOOKMARK [2][-]{subsection.1.1}{\376\377\116\072\116\300\116\110\217\331\127\072\116\211\213\272\120\074\137\227\121\163\154\350}{section.1}% 2
\BOOKMARK [2][-]{subsection.1.2}{\376\377\232\154\145\257\121\113\166\204\172\313\127\072\377\032\145\207\146\016\134\072\136\246\166\204\137\305\161\066}{section.1}% 3
\BOOKMARK [2][-]{subsection.1.3}{\376\377\236\304\116\301\122\313\166\204\172\313\127\072\377\032\170\154\116\366\135\345\172\013\166\204\214\050\141\116\133\241\211\306}{section.1}% 4
\BOOKMARK [2][-]{subsection.1.4}{\376\377\123\314\145\271\150\070\137\303\116\073\137\040\133\371\153\324}{section.1}% 5
\BOOKMARK [2][-]{subsection.1.5}{\376\377\150\070\137\303\225\356\230\230\377\032\214\001\146\057\133\371\166\204\377\037}{section.1}% 6
\BOOKMARK [1][-]{section.2}{\376\377\171\321\133\146\134\102\377\032\145\143\160\355\162\151\164\006\123\357\210\114\140\047\232\214\213\301}{}% 7
\BOOKMARK [2][-]{subsection.2.1}{\376\377\145\257\162\171\205\351\000-\163\273\134\024\121\171\146\374\133\232\137\213\377\032\000T\0004\166\204\227\136\176\277\140\047\176\246\147\137}{section.2}% 8
\BOOKMARK [2][-]{subsection.2.2}{\376\377\000A\000I\0001\123\153\146\037\0001\0004\0000\0000\000W\000/\000m\0002\145\143\160\355\133\306\136\246\232\214\213\301}{section.2}% 9
\BOOKMARK [2][-]{subsection.2.3}{\376\377\0001\000G\000W\211\304\152\041\145\143\160\355\227\142\171\357\143\250\173\227}{section.2}% 10
\BOOKMARK [2][-]{subsection.2.4}{\376\377\000L\000E\000O\217\150\220\123\160\355\163\257\130\203\377\032\131\052\172\172\116\015\146\057\000"\164\006\140\363\121\267\154\211\000"}{section.2}% 11
\BOOKMARK [2][-]{subsection.2.5}{\376\377\000P\000U\000E\211\306\211\322\377\032\217\150\220\123\116\016\127\060\227\142\166\204\200\375\145\110\133\371\153\324}{section.2}% 12
\BOOKMARK [2][-]{subsection.2.6}{\376\377\171\321\133\146\134\102\134\017\176\323}{section.2}% 13
\BOOKMARK [1][-]{section.3}{\376\377\135\345\172\013\134\102\377\032\123\321\134\004\060\001\117\233\165\065\116\016\123\357\227\140\140\047}{}% 14
\BOOKMARK [2][-]{subsection.3.1}{\376\377\123\321\134\004\142\020\147\054\377\032\000W\000r\000i\000g\000h\000t\133\146\116\140\163\207\166\204\163\260\133\236\150\300\232\214}{section.3}% 15
\BOOKMARK [2][-]{subsection.3.2}{\376\377\232\154\145\257\121\113\000"\0003\0000\0000\040\023\0005\0000\0000\000G\000W\000/\136\164\000"\116\073\137\040\166\204\142\306\211\343}{section.3}% 16
\BOOKMARK [2][-]{subsection.3.3}{\376\377\217\150\220\123\131\052\226\063\200\375\166\204\145\110\163\207\224\376}{section.3}% 17
\BOOKMARK [2][-]{subsection.3.4}{\376\377\000G\000P\000U\127\050\217\150\123\357\227\140\140\047\377\032\147\000\131\047\166\204\147\052\167\345}{section.3}% 18
\BOOKMARK [2][-]{subsection.3.5}{\376\377\135\345\172\013\134\102\134\017\176\323}{section.3}% 19
\BOOKMARK [1][-]{section.4}{\376\377\125\106\116\032\134\102\377\032\000T\000C\000O\121\150\123\343\137\204\133\371\153\324\116\016\123\357\210\114\140\047\177\373\217\154\147\141\116\366}{}% 20
\BOOKMARK [2][-]{subsection.4.1}{\376\377\000T\000C\000O\131\032\127\072\146\157\133\371\153\324}{section.4}% 21
\BOOKMARK [2][-]{subsection.4.2}{\376\377\000T\000C\000O\142\020\147\054\147\204\142\020\122\006\211\343}{section.4}% 22
\BOOKMARK [2][-]{subsection.4.3}{\376\377\000G\000P\000U\200\375\145\110\140\226\213\272\377\032\000D\000e\000n\000n\000a\000r\000d\177\051\145\076\131\061\145\110\166\204\124\016\147\234}{section.4}% 23
\BOOKMARK [2][-]{subsection.4.4}{\376\377\123\321\134\004\142\020\147\054\133\146\116\140\146\362\176\277\131\026\143\250}{section.4}% 24
\BOOKMARK [2][-]{subsection.4.5}{\376\377\116\013\116\000\116\343\160\355\173\241\164\006\147\120\145\231\377\032\122\115\146\157\116\016\145\366\225\364\176\277}{section.4}% 25
\BOOKMARK [2][-]{subsection.4.6}{\376\377\227\131\140\001\116\016\122\250\140\001\133\371\153\324\377\032\177\373\217\154\147\141\116\366\213\306\122\053}{section.4}% 26
\BOOKMARK [2][-]{subsection.4.7}{\376\377\162\354\172\313\116\244\123\311\232\214\213\301\377\032\236\304\116\301\122\313\000\040\000v\000s\000\040\232\154\145\257\121\113\213\304\117\060}{section.4}% 27
\BOOKMARK [2][-]{subsection.4.8}{\376\377\125\106\116\032\134\102\134\017\176\323}{section.4}% 28
\BOOKMARK [1][-]{section.5}{\376\377\176\323\213\272\377\032\116\011\134\102\122\044\133\232\116\016\145\366\225\364\176\277\134\125\147\033}{}% 29
\BOOKMARK [2][-]{subsection.5.1}{\376\377\116\011\134\102\122\044\133\232\166\204\150\070\137\303\176\323\213\272}{section.5}% 30
\BOOKMARK [2][-]{subsection.5.2}{\376\377\147\000\123\357\200\375\166\204\145\366\225\364\176\277}{section.5}% 31
\BOOKMARK [2][-]{subsection.5.3}{\376\377\147\000\176\310\122\044\145\255}{section.5}% 32
